[2021-11-23 19:45:07,508] INFO [by.hardziyevich.task.validator.Validator: 41] [Point{x=0.0, y=0.0, z=0.0}, Point{x=1.0, y=0.0, z=0.0}, Point{x=0.5, y=0.87, z=0.0}, Point{x=0.5, y=0.29, z=0.82}] is correct
[2021-11-23 19:45:07,526] INFO [by.hardziyevich.task.validator.Validator: 41] [Point{x=0.0, y=0.0, z=0.0}, Point{x=1.0, y=0.0, z=0.0}, Point{x=0.5, y=0.87, z=0.0}, Point{x=0.5, y=0.29, z=0.82}] is correct
[2021-11-23 19:47:04,248] INFO [by.hardziyevich.task.validator.Validator: 41] [Point{x=0.0, y=0.0, z=0.0}, Point{x=1.0, y=0.0, z=0.0}, Point{x=0.5, y=0.87, z=0.0}, Point{x=0.5, y=0.29, z=0.82}] is correct
[2021-11-23 19:47:04,272] INFO [by.hardziyevich.task.validator.Validator: 41] [Point{x=0.0, y=0.0, z=0.0}, Point{x=1.0, y=0.0, z=0.0}, Point{x=0.5, y=0.87, z=0.0}, Point{x=0.5, y=0.29, z=0.82}] is correct
[2021-11-23 19:48:18,797] INFO [by.hardziyevich.task.validator.Validator: 41] [Point{x=0.0, y=0.0, z=0.0}, Point{x=1.0, y=0.0, z=0.0}, Point{x=0.5, y=0.87, z=0.0}, Point{x=0.5, y=0.29, z=0.82}] is correct
[2021-11-23 19:48:18,814] INFO [by.hardziyevich.task.validator.Validator: 41] [Point{x=0.0, y=0.0, z=0.0}, Point{x=1.0, y=0.0, z=0.0}, Point{x=0.5, y=0.87, z=0.0}, Point{x=0.5, y=0.29, z=0.82}] is correct
[2021-11-23 19:48:44,966] INFO [by.hardziyevich.task.validator.Validator: 41] [Point{x=0.0, y=0.0, z=0.0}, Point{x=1.0, y=0.0, z=0.0}, Point{x=0.5, y=0.87, z=0.0}, Point{x=0.5, y=0.29, z=0.82}] is correct
[2021-11-23 19:48:44,983] INFO [by.hardziyevich.task.validator.Validator: 41] [Point{x=0.0, y=0.0, z=0.0}, Point{x=1.0, y=0.0, z=0.0}, Point{x=0.5, y=0.87, z=0.0}, Point{x=0.5, y=0.29, z=0.82}] is correct
[2021-11-23 19:51:03,695] INFO [by.hardziyevich.task.validator.Validator: 41] [Point{x=0.0, y=0.0, z=0.0}, Point{x=1.0, y=0.0, z=0.0}, Point{x=0.5, y=0.87, z=0.0}, Point{x=0.5, y=0.29, z=0.82}] is correct
[2021-11-23 19:51:12,730] INFO [by.hardziyevich.task.validator.Validator: 41] [Point{x=0.0, y=0.0, z=0.0}, Point{x=1.0, y=0.0, z=0.0}, Point{x=0.5, y=0.87, z=0.0}, Point{x=0.5, y=0.29, z=0.82}] is correct
[2021-11-23 19:52:12,403] INFO [by.hardziyevich.task.validator.Validator: 41] [Point{x=0.0, y=0.0, z=0.0}, Point{x=1.0, y=0.0, z=0.0}, Point{x=0.5, y=0.87, z=0.0}, Point{x=0.5, y=0.29, z=0.82}] is correct
[2021-11-23 19:58:29,282] INFO [by.hardziyevich.task.validator.Validator: 41] [Point{x=0.0, y=0.0, z=0.0}, Point{x=1.0, y=0.0, z=0.0}, Point{x=0.5, y=0.87, z=0.0}, Point{x=0.5, y=0.29, z=0.82}] is correct
[2021-11-23 19:59:13,562] INFO [by.hardziyevich.task.validator.Validator: 41] [Point{x=0.0, y=0.0, z=0.0}, Point{x=1.0, y=0.0, z=0.0}, Point{x=0.5, y=0.87, z=0.0}, Point{x=0.5, y=0.29, z=0.82}] is correct
[2021-11-23 19:59:34,535] INFO [by.hardziyevich.task.validator.Validator: 41] [Point{x=0.0, y=0.0, z=0.0}, Point{x=1.0, y=0.0, z=0.0}, Point{x=0.5, y=0.87, z=0.0}, Point{x=0.5, y=0.29, z=0.82}] is correct
[2021-11-23 20:06:10,693] INFO [by.hardziyevich.task.validator.Validator: 41] [Point{x=0.0, y=0.0, z=0.0}, Point{x=1.0, y=0.0, z=0.0}, Point{x=0.5, y=0.87, z=0.0}, Point{x=0.5, y=0.29, z=0.82}] is correct
[2021-11-23 20:08:52,529] INFO [by.hardziyevich.task.validator.Validator: 41] [Point{x=0.0, y=0.0, z=0.0}, Point{x=1.0, y=0.0, z=0.0}, Point{x=0.5, y=0.87, z=0.0}, Point{x=0.5, y=0.29, z=0.82}] is correct
[2021-11-23 20:19:37,051] INFO [by.hardziyevich.task.validator.Validator: 41] [Point{x=0.0, y=0.0, z=0.0}, Point{x=1.0, y=0.0, z=0.0}, Point{x=0.5, y=0.87, z=0.0}, Point{x=0.5, y=0.29, z=0.82}] is correct
[2021-11-23 20:19:54,605] INFO [by.hardziyevich.task.validator.Validator: 41] [Point{x=0.0, y=0.0, z=0.0}, Point{x=1.0, y=0.0, z=0.0}, Point{x=0.5, y=0.87, z=0.0}, Point{x=0.5, y=0.29, z=0.82}] is correct
[2021-11-23 20:21:37,947] INFO [by.hardziyevich.task.validator.Validator: 41] [Point{x=0.0, y=0.0, z=0.0}, Point{x=1.0, y=0.0, z=0.0}, Point{x=0.5, y=0.87, z=0.0}, Point{x=0.5, y=0.29, z=0.82}] is correct
[2021-11-23 20:24:02,004] INFO [by.hardziyevich.task.validator.Validator: 41] [Point{x=0.0, y=0.0, z=0.0}, Point{x=1.0, y=0.0, z=0.0}, Point{x=0.5, y=0.87, z=0.0}, Point{x=0.5, y=0.29, z=0.82}] is correct
[2021-11-23 20:25:54,850] INFO [by.hardziyevich.task.validator.Validator: 41] [Point{x=0.0, y=0.0, z=0.0}, Point{x=1.0, y=0.0, z=0.0}, Point{x=0.5, y=0.87, z=0.0}, Point{x=0.5, y=0.29, z=0.82}] is correct
[2021-11-23 20:26:38,510] INFO [by.hardziyevich.task.validator.Validator: 41] [Point{x=0.0, y=0.0, z=0.0}, Point{x=1.0, y=0.0, z=0.0}, Point{x=0.5, y=0.87, z=0.0}, Point{x=0.5, y=0.29, z=0.82}] is correct
[2021-11-23 20:26:38,536] INFO [by.hardziyevich.task.validator.Validator: 41] [Point{x=0.0, y=0.0, z=0.0}, Point{x=1.0, y=0.0, z=0.0}, Point{x=0.5, y=0.87, z=0.0}, Point{x=0.5, y=0.29, z=0.82}] is correct
[2021-11-23 20:27:43,679] INFO [by.hardziyevich.task.validator.Validator: 41] [Point{x=0.0, y=0.0, z=0.0}, Point{x=1.0, y=0.0, z=0.0}, Point{x=0.5, y=0.87, z=0.0}, Point{x=0.5, y=0.29, z=0.82}] is correct
[2021-11-23 20:30:46,248] INFO [by.hardziyevich.task.validator.Validator: 41] [Point{x=0.0, y=0.0, z=0.0}, Point{x=1.0, y=0.0, z=0.0}, Point{x=0.5, y=0.87, z=0.0}, Point{x=0.5, y=0.29, z=0.82}] is correct
[2021-11-23 20:38:21,642] INFO [by.hardziyevich.task.validator.Validator: 41] [Point{x=0.0, y=0.0, z=0.0}, Point{x=1.0, y=0.0, z=0.0}, Point{x=0.5, y=0.87, z=0.0}, Point{x=0.5, y=0.29, z=0.82}] is correct
[2021-11-23 20:48:59,310] INFO [by.hardziyevich.task.validator.Validator: 41] [Point{x=0.0, y=0.0, z=0.0}, Point{x=1.0, y=0.0, z=0.0}, Point{x=0.5, y=0.87, z=0.0}, Point{x=0.5, y=0.29, z=0.82}] is correct
[2021-11-23 20:48:59,339] INFO [by.hardziyevich.task.validator.Validator: 41] [Point{x=0.0, y=0.0, z=0.0}, Point{x=1.0, y=0.0, z=0.0}, Point{x=0.5, y=0.87, z=0.0}, Point{x=0.5, y=0.29, z=0.82}] is correct
[2021-11-23 20:50:55,589] INFO [by.hardziyevich.task.validator.Validator: 41] [Point{x=0.0, y=0.0, z=0.0}, Point{x=1.0, y=0.0, z=0.0}, Point{x=0.5, y=0.87, z=0.0}, Point{x=0.5, y=0.29, z=0.82}] is correct
[2021-11-23 20:50:55,618] INFO [by.hardziyevich.task.validator.Validator: 41] [Point{x=0.0, y=0.0, z=0.0}, Point{x=1.0, y=0.0, z=0.0}, Point{x=0.5, y=0.87, z=0.0}, Point{x=0.5, y=0.29, z=0.82}] is correct
[2021-11-23 20:52:40,861] INFO [by.hardziyevich.task.validator.Validator: 41] [Point{x=0.0, y=0.0, z=0.0}, Point{x=1.0, y=0.0, z=0.0}, Point{x=0.5, y=0.87, z=0.0}, Point{x=0.5, y=0.29, z=0.82}] is correct
[2021-11-23 20:52:40,887] INFO [by.hardziyevich.task.validator.Validator: 41] [Point{x=0.0, y=0.0, z=0.0}, Point{x=1.0, y=0.0, z=0.0}, Point{x=0.5, y=0.87, z=0.0}, Point{x=0.5, y=0.29, z=0.82}] is correct
[2021-11-23 20:52:40,891] INFO [by.hardziyevich.task.validator.Validator: 41] [Point{x=0.0, y=0.0, z=0.0}, Point{x=1.0, y=0.0, z=0.0}, Point{x=0.5, y=0.87, z=0.0}, Point{x=0.5, y=0.29, z=0.82}] is correct
[2021-11-23 20:53:17,590] INFO [by.hardziyevich.task.validator.Validator: 41] [Point{x=0.0, y=0.0, z=0.0}, Point{x=1.0, y=0.0, z=0.0}, Point{x=0.5, y=0.87, z=0.0}, Point{x=0.5, y=0.29, z=0.82}] is correct
[2021-11-23 20:53:17,617] INFO [by.hardziyevich.task.validator.Validator: 41] [Point{x=0.0, y=0.0, z=0.0}, Point{x=1.0, y=0.0, z=0.0}, Point{x=0.5, y=0.87, z=0.0}, Point{x=0.5, y=0.29, z=0.82}] is correct
[2021-11-23 20:53:17,621] INFO [by.hardziyevich.task.validator.Validator: 41] [Point{x=0.0, y=0.0, z=0.0}, Point{x=1.0, y=0.0, z=0.0}, Point{x=0.5, y=0.87, z=0.0}, Point{x=0.5, y=0.29, z=0.82}] is correct
[2021-11-23 20:53:23,576] INFO [by.hardziyevich.task.validator.Validator: 41] [Point{x=0.0, y=0.0, z=0.0}, Point{x=1.0, y=0.0, z=0.0}, Point{x=0.5, y=0.87, z=0.0}, Point{x=0.5, y=0.29, z=0.82}] is correct
[2021-11-23 20:53:23,602] INFO [by.hardziyevich.task.validator.Validator: 41] [Point{x=0.0, y=0.0, z=0.0}, Point{x=1.0, y=0.0, z=0.0}, Point{x=0.5, y=0.87, z=0.0}, Point{x=0.5, y=0.29, z=0.82}] is correct
[2021-11-23 20:53:23,607] INFO [by.hardziyevich.task.validator.Validator: 41] [Point{x=0.0, y=0.0, z=0.0}, Point{x=1.0, y=0.0, z=0.0}, Point{x=0.5, y=0.87, z=0.0}, Point{x=0.5, y=0.29, z=0.82}] is correct
[2021-11-23 20:53:45,696] INFO [by.hardziyevich.task.validator.Validator: 41] [Point{x=0.0, y=0.0, z=0.0}, Point{x=1.0, y=0.0, z=0.0}, Point{x=0.5, y=0.87, z=0.0}, Point{x=0.5, y=0.29, z=0.82}] is correct
[2021-11-23 20:53:45,728] INFO [by.hardziyevich.task.validator.Validator: 41] [Point{x=0.0, y=0.0, z=0.0}, Point{x=1.0, y=0.0, z=0.0}, Point{x=0.5, y=0.87, z=0.0}, Point{x=0.5, y=0.29, z=0.82}] is correct
[2021-11-23 20:53:45,734] INFO [by.hardziyevich.task.validator.Validator: 41] [Point{x=0.0, y=0.0, z=0.0}, Point{x=1.0, y=0.0, z=0.0}, Point{x=0.5, y=0.87, z=0.0}, Point{x=0.5, y=0.29, z=0.82}] is correct
[2021-11-23 20:54:04,520] INFO [by.hardziyevich.task.validator.Validator: 41] [Point{x=0.0, y=0.0, z=0.0}, Point{x=1.0, y=0.0, z=0.0}, Point{x=0.5, y=0.87, z=0.0}, Point{x=0.5, y=0.29, z=0.82}] is correct
[2021-11-23 20:54:04,546] INFO [by.hardziyevich.task.validator.Validator: 41] [Point{x=0.0, y=0.0, z=0.0}, Point{x=1.0, y=0.0, z=0.0}, Point{x=0.5, y=0.87, z=0.0}, Point{x=0.5, y=0.29, z=0.82}] is correct
[2021-11-23 20:55:09,062] INFO [by.hardziyevich.task.validator.Validator: 41] [Point{x=0.0, y=0.0, z=0.0}, Point{x=1.0, y=0.0, z=0.0}, Point{x=0.5, y=0.87, z=0.0}, Point{x=0.5, y=0.29, z=0.82}] is correct
[2021-11-23 20:55:09,089] INFO [by.hardziyevich.task.validator.Validator: 41] [Point{x=0.0, y=0.0, z=0.0}, Point{x=1.0, y=0.0, z=0.0}, Point{x=0.5, y=0.87, z=0.0}, Point{x=0.5, y=0.29, z=0.82}] is correct
[2021-11-23 20:55:09,093] INFO [by.hardziyevich.task.validator.Validator: 41] [Point{x=0.0, y=0.0, z=0.0}, Point{x=1.0, y=0.0, z=0.0}, Point{x=0.5, y=0.87, z=0.0}, Point{x=0.5, y=0.29, z=0.82}] is correct
[2021-11-23 20:55:34,779] INFO [by.hardziyevich.task.validator.Validator: 41] [Point{x=0.0, y=0.0, z=0.0}, Point{x=1.0, y=0.0, z=0.0}, Point{x=0.5, y=0.87, z=0.0}, Point{x=0.5, y=0.29, z=0.82}] is correct
[2021-11-23 20:55:34,805] INFO [by.hardziyevich.task.validator.Validator: 41] [Point{x=0.0, y=0.0, z=0.0}, Point{x=1.0, y=0.0, z=0.0}, Point{x=0.5, y=0.87, z=0.0}, Point{x=0.5, y=0.29, z=0.82}] is correct
[2021-11-23 20:55:34,810] INFO [by.hardziyevich.task.validator.Validator: 41] [Point{x=0.0, y=0.0, z=0.0}, Point{x=1.0, y=0.0, z=0.0}, Point{x=0.5, y=0.87, z=0.0}, Point{x=0.5, y=0.29, z=0.82}] is correct
[2021-11-23 20:55:58,846] INFO [by.hardziyevich.task.validator.Validator: 41] [Point{x=0.0, y=0.0, z=0.0}, Point{x=1.0, y=0.0, z=0.0}, Point{x=0.5, y=0.87, z=0.0}, Point{x=0.5, y=0.29, z=0.82}] is correct
[2021-11-23 20:55:58,875] INFO [by.hardziyevich.task.validator.Validator: 41] [Point{x=0.0, y=0.0, z=0.0}, Point{x=1.0, y=0.0, z=0.0}, Point{x=0.5, y=0.87, z=0.0}, Point{x=0.5, y=0.29, z=0.82}] is correct
[2021-11-23 20:55:58,880] INFO [by.hardziyevich.task.validator.Validator: 41] [Point{x=0.0, y=0.0, z=0.0}, Point{x=1.0, y=0.0, z=0.0}, Point{x=0.5, y=0.87, z=0.0}, Point{x=0.5, y=0.29, z=0.82}] is correct
[2021-11-23 20:56:11,378] INFO [by.hardziyevich.task.validator.Validator: 41] [Point{x=0.0, y=0.0, z=0.0}, Point{x=1.0, y=0.0, z=0.0}, Point{x=0.5, y=0.87, z=0.0}, Point{x=0.5, y=0.29, z=0.82}] is correct
[2021-11-23 20:56:11,410] INFO [by.hardziyevich.task.validator.Validator: 41] [Point{x=0.0, y=0.0, z=0.0}, Point{x=1.0, y=0.0, z=0.0}, Point{x=0.5, y=0.87, z=0.0}, Point{x=0.5, y=0.29, z=0.82}] is correct
[2021-11-23 20:56:11,415] INFO [by.hardziyevich.task.validator.Validator: 41] [Point{x=0.0, y=0.0, z=0.0}, Point{x=1.0, y=0.0, z=0.0}, Point{x=0.5, y=0.87, z=0.0}, Point{x=0.5, y=0.29, z=0.82}] is correct
[2021-11-23 20:57:51,556] INFO [by.hardziyevich.task.validator.Validator: 41] [Point{x=0.0, y=0.0, z=0.0}, Point{x=1.0, y=0.0, z=0.0}, Point{x=0.5, y=0.87, z=0.0}, Point{x=0.5, y=0.29, z=0.82}] is correct
[2021-11-23 20:57:51,572] INFO [by.hardziyevich.task.validator.Validator: 41] [Point{x=0.0, y=0.0, z=0.0}, Point{x=1.0, y=0.0, z=0.0}, Point{x=0.5, y=0.87, z=0.0}, Point{x=0.5, y=0.29, z=0.82}] is correct
[2021-11-23 20:57:51,576] INFO [by.hardziyevich.task.validator.Validator: 41] [Point{x=0.0, y=0.0, z=0.0}, Point{x=1.0, y=0.0, z=0.0}, Point{x=0.5, y=0.87, z=0.0}, Point{x=0.5, y=0.29, z=0.82}] is correct
[2021-11-23 20:58:52,574] INFO [by.hardziyevich.task.validator.Validator: 41] [Point{x=0.0, y=0.0, z=0.0}, Point{x=1.0, y=0.0, z=0.0}, Point{x=0.5, y=0.87, z=0.0}, Point{x=0.5, y=0.29, z=0.82}] is correct
[2021-11-23 20:59:11,542] INFO [by.hardziyevich.task.validator.Validator: 41] [Point{x=0.0, y=0.0, z=0.0}, Point{x=1.0, y=0.0, z=0.0}, Point{x=0.5, y=0.87, z=0.0}, Point{x=0.5, y=0.29, z=0.82}] is correct
[2021-11-23 20:59:11,569] INFO [by.hardziyevich.task.validator.Validator: 41] [Point{x=0.0, y=0.0, z=0.0}, Point{x=1.0, y=0.0, z=0.0}, Point{x=0.5, y=0.87, z=0.0}, Point{x=0.5, y=0.29, z=0.82}] is correct
[2021-11-23 20:59:11,574] INFO [by.hardziyevich.task.validator.Validator: 41] [Point{x=0.0, y=0.0, z=0.0}, Point{x=1.0, y=0.0, z=0.0}, Point{x=0.5, y=0.87, z=0.0}, Point{x=0.5, y=0.29, z=0.82}] is correct
[2021-11-23 20:59:36,974] INFO [by.hardziyevich.task.validator.Validator: 41] [Point{x=0.0, y=0.0, z=0.0}, Point{x=1.0, y=0.0, z=0.0}, Point{x=0.5, y=0.87, z=0.0}, Point{x=0.5, y=0.29, z=0.82}] is correct
[2021-11-23 20:59:37,002] INFO [by.hardziyevich.task.validator.Validator: 41] [Point{x=0.0, y=0.0, z=0.0}, Point{x=1.0, y=0.0, z=0.0}, Point{x=0.5, y=0.87, z=0.0}, Point{x=0.5, y=0.29, z=0.82}] is correct
[2021-11-23 20:59:37,006] INFO [by.hardziyevich.task.validator.Validator: 41] [Point{x=0.0, y=0.0, z=0.0}, Point{x=1.0, y=0.0, z=0.0}, Point{x=0.5, y=0.87, z=0.0}, Point{x=0.5, y=0.29, z=0.82}] is correct
[2021-11-23 20:59:56,851] INFO [by.hardziyevich.task.validator.Validator: 41] [Point{x=0.0, y=0.0, z=0.0}, Point{x=1.0, y=0.0, z=0.0}, Point{x=0.5, y=0.87, z=0.0}, Point{x=0.5, y=0.29, z=0.82}] is correct
[2021-11-23 21:00:03,421] INFO [by.hardziyevich.task.validator.Validator: 41] [Point{x=0.0, y=0.0, z=0.0}, Point{x=1.0, y=0.0, z=0.0}, Point{x=0.5, y=0.87, z=0.0}, Point{x=0.5, y=0.29, z=0.82}] is correct
[2021-11-23 21:00:03,447] INFO [by.hardziyevich.task.validator.Validator: 41] [Point{x=0.0, y=0.0, z=0.0}, Point{x=1.0, y=0.0, z=0.0}, Point{x=0.5, y=0.87, z=0.0}, Point{x=0.5, y=0.29, z=0.82}] is correct
[2021-11-23 21:00:03,452] INFO [by.hardziyevich.task.validator.Validator: 41] [Point{x=0.0, y=0.0, z=0.0}, Point{x=1.0, y=0.0, z=0.0}, Point{x=0.5, y=0.87, z=0.0}, Point{x=0.5, y=0.29, z=0.82}] is correct
[2021-11-23 21:00:33,612] INFO [by.hardziyevich.task.validator.Validator: 41] [Point{x=0.0, y=0.0, z=0.0}, Point{x=1.0, y=0.0, z=0.0}, Point{x=0.5, y=0.87, z=0.0}, Point{x=0.5, y=0.29, z=0.82}] is correct
[2021-11-23 21:00:33,643] INFO [by.hardziyevich.task.validator.Validator: 41] [Point{x=0.0, y=0.0, z=0.0}, Point{x=1.0, y=0.0, z=0.0}, Point{x=0.5, y=0.87, z=0.0}, Point{x=0.5, y=0.29, z=0.82}] is correct
[2021-11-23 21:00:40,865] INFO [by.hardziyevich.task.validator.Validator: 41] [Point{x=0.0, y=0.0, z=0.0}, Point{x=1.0, y=0.0, z=0.0}, Point{x=0.5, y=0.87, z=0.0}, Point{x=0.5, y=0.29, z=0.82}] is correct
[2021-11-23 21:00:40,890] INFO [by.hardziyevich.task.validator.Validator: 41] [Point{x=0.0, y=0.0, z=0.0}, Point{x=1.0, y=0.0, z=0.0}, Point{x=0.5, y=0.87, z=0.0}, Point{x=0.5, y=0.29, z=0.82}] is correct
[2021-11-23 21:00:53,527] INFO [by.hardziyevich.task.validator.Validator: 41] [Point{x=0.0, y=0.0, z=0.0}, Point{x=1.0, y=0.0, z=0.0}, Point{x=0.5, y=0.87, z=0.0}, Point{x=0.5, y=0.29, z=0.82}] is correct
[2021-11-23 21:00:57,851] INFO [by.hardziyevich.task.validator.Validator: 41] [Point{x=0.0, y=0.0, z=0.0}, Point{x=1.0, y=0.0, z=0.0}, Point{x=0.5, y=0.87, z=0.0}, Point{x=0.5, y=0.29, z=0.82}] is correct
[2021-11-23 21:00:57,876] INFO [by.hardziyevich.task.validator.Validator: 41] [Point{x=0.0, y=0.0, z=0.0}, Point{x=1.0, y=0.0, z=0.0}, Point{x=0.5, y=0.87, z=0.0}, Point{x=0.5, y=0.29, z=0.82}] is correct
[2021-11-23 21:01:59,788] INFO [by.hardziyevich.task.validator.Validator: 41] [Point{x=0.0, y=0.0, z=0.0}, Point{x=1.0, y=0.0, z=0.0}, Point{x=0.5, y=0.87, z=0.0}, Point{x=0.5, y=0.29, z=0.82}] is correct
[2021-11-23 21:01:59,814] INFO [by.hardziyevich.task.validator.Validator: 41] [Point{x=0.0, y=0.0, z=0.0}, Point{x=1.0, y=0.0, z=0.0}, Point{x=0.5, y=0.87, z=0.0}, Point{x=0.5, y=0.29, z=0.82}] is correct
[2021-11-23 21:01:59,819] INFO [by.hardziyevich.task.validator.Validator: 41] [Point{x=0.0, y=0.0, z=0.0}, Point{x=1.0, y=0.0, z=0.0}, Point{x=0.5, y=0.87, z=0.0}, Point{x=0.5, y=0.29, z=0.82}] is correct
[2021-11-23 21:02:04,389] INFO [by.hardziyevich.task.validator.Validator: 41] [Point{x=0.0, y=0.0, z=0.0}, Point{x=1.0, y=0.0, z=0.0}, Point{x=0.5, y=0.87, z=0.0}, Point{x=0.5, y=0.29, z=0.82}] is correct
[2021-11-23 21:02:04,414] INFO [by.hardziyevich.task.validator.Validator: 41] [Point{x=0.0, y=0.0, z=0.0}, Point{x=1.0, y=0.0, z=0.0}, Point{x=0.5, y=0.87, z=0.0}, Point{x=0.5, y=0.29, z=0.82}] is correct
[2021-11-23 21:02:04,419] INFO [by.hardziyevich.task.validator.Validator: 41] [Point{x=0.0, y=0.0, z=0.0}, Point{x=1.0, y=0.0, z=0.0}, Point{x=0.5, y=0.87, z=0.0}, Point{x=0.5, y=0.29, z=0.82}] is correct
[2021-11-23 21:11:08,008] INFO [by.hardziyevich.task.validator.Validator: 41] [Point{x=0.0, y=0.0, z=0.0}, Point{x=1.0, y=0.0, z=0.0}, Point{x=0.5, y=0.87, z=0.0}, Point{x=0.5, y=0.29, z=0.82}] is correct
[2021-11-23 21:11:17,186] INFO [by.hardziyevich.task.validator.Validator: 41] [Point{x=0.0, y=0.0, z=0.0}, Point{x=1.0, y=0.0, z=0.0}, Point{x=0.5, y=0.87, z=0.0}, Point{x=0.5, y=0.29, z=0.82}] is correct
[2021-11-23 21:11:17,211] INFO [by.hardziyevich.task.validator.Validator: 41] [Point{x=0.0, y=0.0, z=0.0}, Point{x=1.0, y=0.0, z=0.0}, Point{x=0.5, y=0.87, z=0.0}, Point{x=0.5, y=0.29, z=0.82}] is correct
[2021-11-23 21:11:17,215] INFO [by.hardziyevich.task.validator.Validator: 41] [Point{x=0.0, y=0.0, z=0.0}, Point{x=1.0, y=0.0, z=0.0}, Point{x=0.5, y=0.87, z=0.0}, Point{x=0.5, y=0.29, z=0.82}] is correct
[2021-11-23 21:11:17,218] INFO [by.hardziyevich.task.validator.Validator: 41] [Point{x=0.0, y=0.0, z=0.0}, Point{x=1.0, y=0.0, z=0.0}, Point{x=0.5, y=0.87, z=0.0}, Point{x=0.5, y=0.29, z=0.82}] is correct
[2021-11-23 21:11:45,289] INFO [by.hardziyevich.task.validator.Validator: 41] [Point{x=0.0, y=0.0, z=0.0}, Point{x=1.0, y=0.0, z=0.0}, Point{x=0.5, y=0.87, z=0.0}, Point{x=0.5, y=0.29, z=0.82}] is correct
[2021-11-23 21:13:38,813] INFO [by.hardziyevich.task.validator.Validator: 41] [Point{x=0.0, y=0.0, z=0.0}, Point{x=1.0, y=0.0, z=0.0}, Point{x=0.5, y=0.87, z=0.0}, Point{x=0.5, y=0.29, z=0.82}] is correct
[2021-11-23 21:13:38,840] INFO [by.hardziyevich.task.validator.Validator: 41] [Point{x=0.0, y=0.0, z=0.0}, Point{x=1.0, y=0.0, z=0.0}, Point{x=0.5, y=0.87, z=0.0}, Point{x=0.5, y=0.29, z=0.82}] is correct
[2021-11-23 21:13:38,844] INFO [by.hardziyevich.task.validator.Validator: 41] [Point{x=0.0, y=0.0, z=0.0}, Point{x=1.0, y=0.0, z=0.0}, Point{x=0.5, y=0.87, z=0.0}, Point{x=0.5, y=0.29, z=0.82}] is correct
[2021-11-23 21:13:38,847] INFO [by.hardziyevich.task.validator.Validator: 41] [Point{x=0.0, y=0.0, z=0.0}, Point{x=1.0, y=0.0, z=0.0}, Point{x=0.5, y=0.87, z=0.0}, Point{x=0.5, y=0.29, z=0.82}] is correct
[2021-11-23 21:13:38,849] INFO [by.hardziyevich.task.validator.Validator: 41] [Point{x=0.0, y=0.0, z=0.0}, Point{x=1.0, y=0.0, z=0.0}, Point{x=0.5, y=0.87, z=0.0}, Point{x=0.5, y=0.29, z=0.82}] is correct
[2021-11-23 21:15:02,020] INFO [by.hardziyevich.task.validator.Validator: 41] [Point{x=0.0, y=0.0, z=0.0}, Point{x=1.0, y=0.0, z=0.0}, Point{x=0.5, y=0.87, z=0.0}, Point{x=0.5, y=0.29, z=0.82}] is correct
[2021-11-23 21:15:02,045] INFO [by.hardziyevich.task.validator.Validator: 41] [Point{x=0.0, y=0.0, z=0.0}, Point{x=1.0, y=0.0, z=0.0}, Point{x=0.5, y=0.87, z=0.0}, Point{x=0.5, y=0.29, z=0.82}] is correct
[2021-11-23 21:15:02,049] INFO [by.hardziyevich.task.validator.Validator: 41] [Point{x=0.0, y=0.0, z=0.0}, Point{x=1.0, y=0.0, z=0.0}, Point{x=0.5, y=0.87, z=0.0}, Point{x=0.5, y=0.29, z=0.82}] is correct
[2021-11-23 21:15:40,904] INFO [by.hardziyevich.task.validator.Validator: 41] [Point{x=0.0, y=0.0, z=0.0}, Point{x=1.0, y=0.0, z=0.0}, Point{x=0.5, y=0.87, z=0.0}, Point{x=0.5, y=0.29, z=0.82}] is correct
[2021-11-23 21:15:40,921] INFO [by.hardziyevich.task.validator.Validator: 41] [Point{x=0.0, y=0.0, z=0.0}, Point{x=1.0, y=0.0, z=0.0}, Point{x=0.5, y=0.87, z=0.0}, Point{x=0.5, y=0.29, z=0.82}] is correct
[2021-11-23 21:17:21,304] INFO [by.hardziyevich.task.validator.Validator: 41] [Point{x=0.0, y=0.0, z=0.0}, Point{x=1.0, y=0.0, z=0.0}, Point{x=0.5, y=0.87, z=0.0}, Point{x=0.5, y=0.29, z=0.82}] is correct
[2021-11-23 21:17:21,322] INFO [by.hardziyevich.task.validator.Validator: 41] [Point{x=0.0, y=0.0, z=0.0}, Point{x=1.0, y=0.0, z=0.0}, Point{x=0.5, y=0.87, z=0.0}, Point{x=0.5, y=0.29, z=0.82}] is correct
[2021-11-23 21:19:31,402] INFO [by.hardziyevich.task.validator.Validator: 41] [Point{x=0.0, y=0.0, z=0.0}, Point{x=1.0, y=0.0, z=0.0}, Point{x=0.5, y=0.87, z=0.0}, Point{x=0.5, y=0.29, z=0.82}] is correct
[2021-11-23 21:19:31,420] INFO [by.hardziyevich.task.validator.Validator: 41] [Point{x=0.0, y=0.0, z=0.0}, Point{x=1.0, y=0.0, z=0.0}, Point{x=0.5, y=0.87, z=0.0}, Point{x=0.5, y=0.29, z=0.82}] is correct
[2021-11-23 21:19:49,413] INFO [by.hardziyevich.task.validator.Validator: 41] [Point{x=0.0, y=0.0, z=0.0}, Point{x=1.0, y=0.0, z=0.0}, Point{x=0.5, y=0.87, z=0.0}, Point{x=0.5, y=0.29, z=0.82}] is correct
[2021-11-23 21:19:49,430] INFO [by.hardziyevich.task.validator.Validator: 41] [Point{x=0.0, y=0.0, z=0.0}, Point{x=1.0, y=0.0, z=0.0}, Point{x=0.5, y=0.87, z=0.0}, Point{x=0.5, y=0.29, z=0.82}] is correct
[2021-11-23 21:26:39,783] INFO [by.hardziyevich.task.validator.Validator: 41] [Point{x=0.0, y=0.0, z=0.0}, Point{x=1.0, y=0.0, z=0.0}, Point{x=0.5, y=0.87, z=0.0}, Point{x=0.5, y=0.29, z=0.82}] is correct
[2021-11-23 21:26:39,805] INFO [by.hardziyevich.task.validator.Validator: 41] [Point{x=0.0, y=0.0, z=0.0}, Point{x=1.0, y=0.0, z=0.0}, Point{x=0.5, y=0.87, z=0.0}, Point{x=0.5, y=0.29, z=0.82}] is correct
[2021-11-23 21:26:46,068] INFO [by.hardziyevich.task.validator.Validator: 41] [Point{x=0.0, y=0.0, z=0.0}, Point{x=1.0, y=0.0, z=0.0}, Point{x=0.5, y=0.87, z=0.0}, Point{x=0.5, y=0.29, z=0.82}] is correct
[2021-11-23 21:26:46,086] INFO [by.hardziyevich.task.validator.Validator: 41] [Point{x=0.0, y=0.0, z=0.0}, Point{x=1.0, y=0.0, z=0.0}, Point{x=0.5, y=0.87, z=0.0}, Point{x=0.5, y=0.29, z=0.82}] is correct
[2021-11-23 21:26:50,411] INFO [by.hardziyevich.task.validator.Validator: 41] [Point{x=0.0, y=0.0, z=0.0}, Point{x=1.0, y=0.0, z=0.0}, Point{x=0.5, y=0.87, z=0.0}, Point{x=0.5, y=0.29, z=0.82}] is correct
[2021-11-23 21:26:50,432] INFO [by.hardziyevich.task.validator.Validator: 41] [Point{x=0.0, y=0.0, z=0.0}, Point{x=1.0, y=0.0, z=0.0}, Point{x=0.5, y=0.87, z=0.0}, Point{x=0.5, y=0.29, z=0.82}] is correct
[2021-11-23 21:26:50,443] INFO [by.hardziyevich.task.validator.Validator: 41] [Point{x=0.0, y=0.0, z=0.0}, Point{x=1.0, y=0.0, z=0.0}, Point{x=0.5, y=0.87, z=0.0}, Point{x=0.5, y=0.29, z=0.82}] is correct
[2021-11-23 21:26:50,446] INFO [by.hardziyevich.task.validator.Validator: 41] [Point{x=0.0, y=0.0, z=0.0}, Point{x=1.0, y=0.0, z=0.0}, Point{x=0.5, y=0.87, z=0.0}, Point{x=0.5, y=0.29, z=0.82}] is correct
[2021-11-23 21:57:47,305] INFO [by.hardziyevich.task.validator.Validator: 41] [Point{x=0.0, y=0.0, z=0.0}, Point{x=1.0, y=0.0, z=0.0}, Point{x=0.5, y=0.87, z=0.0}, Point{x=0.5, y=0.29, z=0.82}] is correct
[2021-11-23 21:57:47,322] INFO [by.hardziyevich.task.validator.Validator: 41] [Point{x=0.0, y=0.0, z=0.0}, Point{x=1.0, y=0.0, z=0.0}, Point{x=0.5, y=0.87, z=0.0}, Point{x=0.5, y=0.29, z=0.82}] is correct
[2021-11-23 21:57:47,333] INFO [by.hardziyevich.task.validator.Validator: 41] [Point{x=0.0, y=0.0, z=0.0}, Point{x=1.0, y=0.0, z=0.0}, Point{x=0.5, y=0.87, z=0.0}, Point{x=0.5, y=0.29, z=0.82}] is correct
[2021-11-23 21:57:47,335] INFO [by.hardziyevich.task.validator.Validator: 41] [Point{x=0.0, y=0.0, z=0.0}, Point{x=1.0, y=0.0, z=0.0}, Point{x=0.5, y=0.87, z=0.0}, Point{x=0.5, y=0.29, z=0.82}] is correct
[2021-11-23 21:58:47,996] INFO [by.hardziyevich.task.validator.Validator: 41] [Point{x=0.0, y=0.0, z=0.0}, Point{x=1.0, y=0.0, z=0.0}, Point{x=0.5, y=0.87, z=0.0}, Point{x=0.5, y=0.29, z=0.82}] is correct
[2021-11-23 21:58:48,013] INFO [by.hardziyevich.task.validator.Validator: 41] [Point{x=0.0, y=0.0, z=0.0}, Point{x=1.0, y=0.0, z=0.0}, Point{x=0.5, y=0.87, z=0.0}, Point{x=0.5, y=0.29, z=0.82}] is correct
[2021-11-23 21:58:48,023] INFO [by.hardziyevich.task.validator.Validator: 41] [Point{x=0.0, y=0.0, z=0.0}, Point{x=1.0, y=0.0, z=0.0}, Point{x=0.5, y=0.87, z=0.0}, Point{x=0.5, y=0.29, z=0.82}] is correct
[2021-11-23 21:58:48,025] INFO [by.hardziyevich.task.validator.Validator: 41] [Point{x=0.0, y=0.0, z=0.0}, Point{x=1.0, y=0.0, z=0.0}, Point{x=0.5, y=0.87, z=0.0}, Point{x=0.5, y=0.29, z=0.82}] is correct
[2021-11-23 21:58:52,022] INFO [by.hardziyevich.task.validator.Validator: 41] D:\TaskForEpam\task1\src\test\resources\1.txt is correct
[2021-11-23 21:58:55,821] INFO [by.hardziyevich.task.validator.Validator: 41] [Point{x=0.0, y=0.0, z=0.0}, Point{x=1.0, y=0.0, z=0.0}, Point{x=0.5, y=0.87, z=0.0}, Point{x=0.5, y=0.29, z=0.82}] is correct
[2021-11-23 21:58:55,846] INFO [by.hardziyevich.task.validator.Validator: 41] [Point{x=0.0, y=0.0, z=0.0}, Point{x=1.0, y=0.0, z=0.0}, Point{x=0.5, y=0.87, z=0.0}, Point{x=0.5, y=0.29, z=0.82}] is correct
[2021-11-23 21:58:55,851] INFO [by.hardziyevich.task.validator.Validator: 41] [Point{x=0.0, y=0.0, z=0.0}, Point{x=1.0, y=0.0, z=0.0}, Point{x=0.5, y=0.87, z=0.0}, Point{x=0.5, y=0.29, z=0.82}] is correct
[2021-11-23 21:59:02,336] INFO [by.hardziyevich.task.validator.Validator: 41] [Point{x=0.5, y=0.29, z=0.82}, Point{x=1.0, y=0.0, z=0.0}, Point{x=0.5, y=0.87, z=0.0}, Point{x=0.0, y=0.0, z=0.0}] is correct
[2021-11-23 21:59:02,339] INFO [by.hardziyevich.task.validator.Validator: 41] [Point{x=1.5, y=3.29, z=0.82}, Point{x=1.0, y=0.0, z=1.0}, Point{x=0.5, y=2.87, z=0.0}, Point{x=0.0, y=0.0, z=0.0}] is correct
[2021-11-23 21:59:02,340] INFO [by.hardziyevich.task.validator.Validator: 41] [Point{x=0.5, y=0.58, z=0.4}, Point{x=0.77, y=0.13, z=0.37}, Point{x=0.23, y=0.13, z=0.37}, Point{x=0.5, y=0.29, z=0.82}] is correct
[2021-11-23 21:59:02,361] INFO [by.hardziyevich.task.validator.Validator: 41] [Point{x=0.5, y=0.29, z=0.82}, Point{x=1.0, y=0.0, z=0.0}, Point{x=0.5, y=0.87, z=0.0}, Point{x=0.0, y=0.0, z=0.0}] is correct
[2021-11-23 21:59:02,362] INFO [by.hardziyevich.task.validator.Validator: 41] [Point{x=1.5, y=3.29, z=0.82}, Point{x=1.0, y=0.0, z=1.0}, Point{x=0.5, y=2.87, z=0.0}, Point{x=0.0, y=0.0, z=0.0}] is correct
[2021-11-23 21:59:02,363] INFO [by.hardziyevich.task.validator.Validator: 41] [Point{x=0.5, y=0.58, z=0.4}, Point{x=0.77, y=0.13, z=0.37}, Point{x=0.23, y=0.13, z=0.37}, Point{x=0.5, y=0.29, z=0.82}] is correct
[2021-11-23 21:59:02,365] INFO [by.hardziyevich.task.validator.Validator: 41] [Point{x=0.5, y=0.29, z=0.82}, Point{x=1.0, y=0.0, z=0.0}, Point{x=0.5, y=0.87, z=0.0}, Point{x=0.0, y=0.0, z=0.0}] is correct
[2021-11-23 21:59:02,365] INFO [by.hardziyevich.task.validator.Validator: 41] [Point{x=1.5, y=3.29, z=0.82}, Point{x=1.0, y=0.0, z=1.0}, Point{x=0.5, y=2.87, z=0.0}, Point{x=0.0, y=0.0, z=0.0}] is correct
[2021-11-23 21:59:02,366] INFO [by.hardziyevich.task.validator.Validator: 41] [Point{x=0.5, y=0.58, z=0.4}, Point{x=0.77, y=0.13, z=0.37}, Point{x=0.23, y=0.13, z=0.37}, Point{x=0.5, y=0.29, z=0.82}] is correct
[2021-11-23 21:59:02,374] INFO [by.hardziyevich.task.validator.Validator: 41] [Point{x=0.5, y=0.29, z=0.82}, Point{x=1.0, y=0.0, z=0.0}, Point{x=0.5, y=0.87, z=0.0}, Point{x=0.0, y=0.0, z=0.0}] is correct
[2021-11-23 21:59:02,375] INFO [by.hardziyevich.task.validator.Validator: 41] [Point{x=1.5, y=3.29, z=0.82}, Point{x=1.0, y=0.0, z=1.0}, Point{x=0.5, y=2.87, z=0.0}, Point{x=0.0, y=0.0, z=0.0}] is correct
[2021-11-23 21:59:02,375] INFO [by.hardziyevich.task.validator.Validator: 41] [Point{x=0.5, y=0.58, z=0.4}, Point{x=0.77, y=0.13, z=0.37}, Point{x=0.23, y=0.13, z=0.37}, Point{x=0.5, y=0.29, z=0.82}] is correct
[2021-11-23 21:59:02,385] INFO [by.hardziyevich.task.validator.Validator: 41] [Point{x=0.5, y=0.29, z=0.82}, Point{x=1.0, y=0.0, z=0.0}, Point{x=0.5, y=0.87, z=0.0}, Point{x=0.0, y=0.0, z=0.0}] is correct
[2021-11-23 21:59:02,386] INFO [by.hardziyevich.task.validator.Validator: 41] [Point{x=1.5, y=3.29, z=0.82}, Point{x=1.0, y=0.0, z=1.0}, Point{x=0.5, y=2.87, z=0.0}, Point{x=0.0, y=0.0, z=0.0}] is correct
[2021-11-23 21:59:02,386] INFO [by.hardziyevich.task.validator.Validator: 41] [Point{x=0.5, y=0.58, z=0.4}, Point{x=0.77, y=0.13, z=0.37}, Point{x=0.23, y=0.13, z=0.37}, Point{x=0.5, y=0.29, z=0.82}] is correct
[2021-11-23 21:59:02,404] INFO [by.hardziyevich.task.validator.Validator: 41] [Point{x=0.5, y=0.58, z=0.4}, Point{x=0.77, y=0.13, z=0.37}, Point{x=0.23, y=0.13, z=0.37}, Point{x=0.5, y=0.29, z=0.82}] is correct
[2021-11-23 21:59:02,414] INFO [by.hardziyevich.task.validator.Validator: 41] [Point{x=0.5, y=0.58, z=0.4}, Point{x=0.77, y=0.13, z=0.37}, Point{x=0.23, y=0.13, z=0.37}, Point{x=0.5, y=0.29, z=0.82}] is correct
[2021-11-23 21:59:02,416] INFO [by.hardziyevich.task.validator.Validator: 41] [Point{x=0.5, y=0.29, z=0.82}, Point{x=1.0, y=0.0, z=0.0}, Point{x=0.5, y=0.87, z=0.0}, Point{x=0.0, y=0.0, z=0.0}] is correct
[2021-11-23 21:59:02,417] INFO [by.hardziyevich.task.validator.Validator: 41] [Point{x=1.5, y=3.29, z=0.82}, Point{x=1.0, y=0.0, z=1.0}, Point{x=0.5, y=2.87, z=0.0}, Point{x=0.0, y=0.0, z=0.0}] is correct
[2021-11-23 21:59:02,417] INFO [by.hardziyevich.task.validator.Validator: 41] [Point{x=0.5, y=0.58, z=0.4}, Point{x=0.77, y=0.13, z=0.37}, Point{x=0.23, y=0.13, z=0.37}, Point{x=0.5, y=0.29, z=0.82}] is correct
[2021-11-23 21:59:02,422] INFO [by.hardziyevich.task.validator.Validator: 41] [Point{x=0.5, y=0.58, z=0.4}, Point{x=0.77, y=0.13, z=0.37}, Point{x=0.23, y=0.13, z=0.37}, Point{x=0.5, y=0.29, z=0.82}] is correct
[2021-11-23 21:59:05,415] INFO [by.hardziyevich.task.validator.Validator: 41] [Point{x=0.0, y=0.0, z=0.0}, Point{x=1.0, y=0.0, z=0.0}, Point{x=0.5, y=0.87, z=0.0}, Point{x=0.5, y=0.29, z=0.82}] is correct
[2021-11-23 21:59:05,421] WARN [by.hardziyevich.task.validator.Validator: 46] Something happened {1}
by.hardziyevich.task.exeption.SomeException
	at by.hardziyevich.task.validator.Validator.get(Validator.java:44)
	at by.hardziyevich.task.validator.ValidatorTetrahedron.checkTetrahedron(ValidatorTetrahedron.java:26)
	at by.hardziyevich.task.validator.ValidatorTetrahedronFactoryTest.lambda$testCheckTetrahedron$0(ValidatorTetrahedronFactoryTest.java:19)
	at org.junit.jupiter.api.AssertThrows.assertThrows(AssertThrows.java:55)
	at org.junit.jupiter.api.AssertThrows.assertThrows(AssertThrows.java:37)
	at org.junit.jupiter.api.Assertions.assertThrows(Assertions.java:3082)
	at by.hardziyevich.task.validator.ValidatorTetrahedronFactoryTest.lambda$testCheckTetrahedron$1(ValidatorTetrahedronFactoryTest.java:19)
	at org.junit.jupiter.api.AssertAll.lambda$assertAll$0(AssertAll.java:68)
	at java.base/java.util.stream.ReferencePipeline$3$1.accept(ReferencePipeline.java:195)
	at java.base/java.util.Spliterators$ArraySpliterator.forEachRemaining(Spliterators.java:948)
	at java.base/java.util.stream.AbstractPipeline.copyInto(AbstractPipeline.java:484)
	at java.base/java.util.stream.AbstractPipeline.wrapAndCopyInto(AbstractPipeline.java:474)
	at java.base/java.util.stream.ReduceOps$ReduceOp.evaluateSequential(ReduceOps.java:913)
	at java.base/java.util.stream.AbstractPipeline.evaluate(AbstractPipeline.java:234)
	at java.base/java.util.stream.ReferencePipeline.collect(ReferencePipeline.java:578)
	at org.junit.jupiter.api.AssertAll.assertAll(AssertAll.java:77)
	at org.junit.jupiter.api.AssertAll.assertAll(AssertAll.java:44)
	at org.junit.jupiter.api.AssertAll.assertAll(AssertAll.java:38)
	at org.junit.jupiter.api.Assertions.assertAll(Assertions.java:2911)
	at by.hardziyevich.task.validator.ValidatorTetrahedronFactoryTest.testCheckTetrahedron(ValidatorTetrahedronFactoryTest.java:17)
	at java.base/jdk.internal.reflect.NativeMethodAccessorImpl.invoke0(Native Method)
	at java.base/jdk.internal.reflect.NativeMethodAccessorImpl.invoke(NativeMethodAccessorImpl.java:62)
	at java.base/jdk.internal.reflect.DelegatingMethodAccessorImpl.invoke(DelegatingMethodAccessorImpl.java:43)
	at java.base/java.lang.reflect.Method.invoke(Method.java:566)
	at org.junit.platform.commons.util.ReflectionUtils.invokeMethod(ReflectionUtils.java:725)
	at org.junit.jupiter.engine.execution.MethodInvocation.proceed(MethodInvocation.java:60)
	at org.junit.jupiter.engine.execution.InvocationInterceptorChain$ValidatingInvocation.proceed(InvocationInterceptorChain.java:131)
	at org.junit.jupiter.engine.extension.TimeoutExtension.intercept(TimeoutExtension.java:149)
	at org.junit.jupiter.engine.extension.TimeoutExtension.interceptTestableMethod(TimeoutExtension.java:140)
	at org.junit.jupiter.engine.extension.TimeoutExtension.interceptTestMethod(TimeoutExtension.java:84)
	at org.junit.jupiter.engine.execution.ExecutableInvoker$ReflectiveInterceptorCall.lambda$ofVoidMethod$0(ExecutableInvoker.java:115)
	at org.junit.jupiter.engine.execution.ExecutableInvoker.lambda$invoke$0(ExecutableInvoker.java:105)
	at org.junit.jupiter.engine.execution.InvocationInterceptorChain$InterceptedInvocation.proceed(InvocationInterceptorChain.java:106)
	at org.junit.jupiter.engine.execution.InvocationInterceptorChain.proceed(InvocationInterceptorChain.java:64)
	at org.junit.jupiter.engine.execution.InvocationInterceptorChain.chainAndInvoke(InvocationInterceptorChain.java:45)
	at org.junit.jupiter.engine.execution.InvocationInterceptorChain.invoke(InvocationInterceptorChain.java:37)
	at org.junit.jupiter.engine.execution.ExecutableInvoker.invoke(ExecutableInvoker.java:104)
	at org.junit.jupiter.engine.execution.ExecutableInvoker.invoke(ExecutableInvoker.java:98)
	at org.junit.jupiter.engine.descriptor.TestMethodTestDescriptor.lambda$invokeTestMethod$7(TestMethodTestDescriptor.java:214)
	at org.junit.platform.engine.support.hierarchical.ThrowableCollector.execute(ThrowableCollector.java:73)
	at org.junit.jupiter.engine.descriptor.TestMethodTestDescriptor.invokeTestMethod(TestMethodTestDescriptor.java:210)
	at org.junit.jupiter.engine.descriptor.TestMethodTestDescriptor.execute(TestMethodTestDescriptor.java:135)
	at org.junit.jupiter.engine.descriptor.TestMethodTestDescriptor.execute(TestMethodTestDescriptor.java:66)
	at org.junit.platform.engine.support.hierarchical.NodeTestTask.lambda$executeRecursively$6(NodeTestTask.java:151)
	at org.junit.platform.engine.support.hierarchical.ThrowableCollector.execute(ThrowableCollector.java:73)
	at org.junit.platform.engine.support.hierarchical.NodeTestTask.lambda$executeRecursively$8(NodeTestTask.java:141)
	at org.junit.platform.engine.support.hierarchical.Node.around(Node.java:137)
	at org.junit.platform.engine.support.hierarchical.NodeTestTask.lambda$executeRecursively$9(NodeTestTask.java:139)
	at org.junit.platform.engine.support.hierarchical.ThrowableCollector.execute(ThrowableCollector.java:73)
	at org.junit.platform.engine.support.hierarchical.NodeTestTask.executeRecursively(NodeTestTask.java:138)
	at org.junit.platform.engine.support.hierarchical.NodeTestTask.execute(NodeTestTask.java:95)
	at java.base/java.util.ArrayList.forEach(ArrayList.java:1540)
	at org.junit.platform.engine.support.hierarchical.SameThreadHierarchicalTestExecutorService.invokeAll(SameThreadHierarchicalTestExecutorService.java:41)
	at org.junit.platform.engine.support.hierarchical.NodeTestTask.lambda$executeRecursively$6(NodeTestTask.java:155)
	at org.junit.platform.engine.support.hierarchical.ThrowableCollector.execute(ThrowableCollector.java:73)
	at org.junit.platform.engine.support.hierarchical.NodeTestTask.lambda$executeRecursively$8(NodeTestTask.java:141)
	at org.junit.platform.engine.support.hierarchical.Node.around(Node.java:137)
	at org.junit.platform.engine.support.hierarchical.NodeTestTask.lambda$executeRecursively$9(NodeTestTask.java:139)
	at org.junit.platform.engine.support.hierarchical.ThrowableCollector.execute(ThrowableCollector.java:73)
	at org.junit.platform.engine.support.hierarchical.NodeTestTask.executeRecursively(NodeTestTask.java:138)
	at org.junit.platform.engine.support.hierarchical.NodeTestTask.execute(NodeTestTask.java:95)
	at java.base/java.util.ArrayList.forEach(ArrayList.java:1540)
	at org.junit.platform.engine.support.hierarchical.SameThreadHierarchicalTestExecutorService.invokeAll(SameThreadHierarchicalTestExecutorService.java:41)
	at org.junit.platform.engine.support.hierarchical.NodeTestTask.lambda$executeRecursively$6(NodeTestTask.java:155)
	at org.junit.platform.engine.support.hierarchical.ThrowableCollector.execute(ThrowableCollector.java:73)
	at org.junit.platform.engine.support.hierarchical.NodeTestTask.lambda$executeRecursively$8(NodeTestTask.java:141)
	at org.junit.platform.engine.support.hierarchical.Node.around(Node.java:137)
	at org.junit.platform.engine.support.hierarchical.NodeTestTask.lambda$executeRecursively$9(NodeTestTask.java:139)
	at org.junit.platform.engine.support.hierarchical.ThrowableCollector.execute(ThrowableCollector.java:73)
	at org.junit.platform.engine.support.hierarchical.NodeTestTask.executeRecursively(NodeTestTask.java:138)
	at org.junit.platform.engine.support.hierarchical.NodeTestTask.execute(NodeTestTask.java:95)
	at org.junit.platform.engine.support.hierarchical.SameThreadHierarchicalTestExecutorService.submit(SameThreadHierarchicalTestExecutorService.java:35)
	at org.junit.platform.engine.support.hierarchical.HierarchicalTestExecutor.execute(HierarchicalTestExecutor.java:57)
	at org.junit.platform.engine.support.hierarchical.HierarchicalTestEngine.execute(HierarchicalTestEngine.java:54)
	at org.junit.platform.launcher.core.EngineExecutionOrchestrator.execute(EngineExecutionOrchestrator.java:108)
	at org.junit.platform.launcher.core.EngineExecutionOrchestrator.execute(EngineExecutionOrchestrator.java:88)
	at org.junit.platform.launcher.core.EngineExecutionOrchestrator.lambda$execute$0(EngineExecutionOrchestrator.java:54)
	at org.junit.platform.launcher.core.EngineExecutionOrchestrator.withInterceptedStreams(EngineExecutionOrchestrator.java:67)
	at org.junit.platform.launcher.core.EngineExecutionOrchestrator.execute(EngineExecutionOrchestrator.java:52)
	at org.junit.platform.launcher.core.DefaultLauncher.execute(DefaultLauncher.java:96)
	at org.junit.platform.launcher.core.DefaultLauncher.execute(DefaultLauncher.java:75)
	at org.gradle.api.internal.tasks.testing.junitplatform.JUnitPlatformTestClassProcessor$CollectAllTestClassesExecutor.processAllTestClasses(JUnitPlatformTestClassProcessor.java:99)
	at org.gradle.api.internal.tasks.testing.junitplatform.JUnitPlatformTestClassProcessor$CollectAllTestClassesExecutor.access$000(JUnitPlatformTestClassProcessor.java:79)
	at org.gradle.api.internal.tasks.testing.junitplatform.JUnitPlatformTestClassProcessor.stop(JUnitPlatformTestClassProcessor.java:75)
	at org.gradle.api.internal.tasks.testing.SuiteTestClassProcessor.stop(SuiteTestClassProcessor.java:61)
	at java.base/jdk.internal.reflect.NativeMethodAccessorImpl.invoke0(Native Method)
	at java.base/jdk.internal.reflect.NativeMethodAccessorImpl.invoke(NativeMethodAccessorImpl.java:62)
	at java.base/jdk.internal.reflect.DelegatingMethodAccessorImpl.invoke(DelegatingMethodAccessorImpl.java:43)
	at java.base/java.lang.reflect.Method.invoke(Method.java:566)
	at org.gradle.internal.dispatch.ReflectionDispatch.dispatch(ReflectionDispatch.java:36)
	at org.gradle.internal.dispatch.ReflectionDispatch.dispatch(ReflectionDispatch.java:24)
	at org.gradle.internal.dispatch.ContextClassLoaderDispatch.dispatch(ContextClassLoaderDispatch.java:33)
	at org.gradle.internal.dispatch.ProxyDispatchAdapter$DispatchingInvocationHandler.invoke(ProxyDispatchAdapter.java:94)
	at com.sun.proxy.$Proxy2.stop(Unknown Source)
	at org.gradle.api.internal.tasks.testing.worker.TestWorker.stop(TestWorker.java:135)
	at java.base/jdk.internal.reflect.NativeMethodAccessorImpl.invoke0(Native Method)
	at java.base/jdk.internal.reflect.NativeMethodAccessorImpl.invoke(NativeMethodAccessorImpl.java:62)
	at java.base/jdk.internal.reflect.DelegatingMethodAccessorImpl.invoke(DelegatingMethodAccessorImpl.java:43)
	at java.base/java.lang.reflect.Method.invoke(Method.java:566)
	at org.gradle.internal.dispatch.ReflectionDispatch.dispatch(ReflectionDispatch.java:36)
	at org.gradle.internal.dispatch.ReflectionDispatch.dispatch(ReflectionDispatch.java:24)
	at org.gradle.internal.remote.internal.hub.MessageHubBackedObjectConnection$DispatchWrapper.dispatch(MessageHubBackedObjectConnection.java:182)
	at org.gradle.internal.remote.internal.hub.MessageHubBackedObjectConnection$DispatchWrapper.dispatch(MessageHubBackedObjectConnection.java:164)
	at org.gradle.internal.remote.internal.hub.MessageHub$Handler.run(MessageHub.java:414)
	at org.gradle.internal.concurrent.ExecutorPolicy$CatchAndRecordFailures.onExecute(ExecutorPolicy.java:64)
	at org.gradle.internal.concurrent.ManagedExecutorImpl$1.run(ManagedExecutorImpl.java:48)
	at java.base/java.util.concurrent.ThreadPoolExecutor.runWorker(ThreadPoolExecutor.java:1128)
	at java.base/java.util.concurrent.ThreadPoolExecutor$Worker.run(ThreadPoolExecutor.java:628)
	at org.gradle.internal.concurrent.ThreadFactoryImpl$ManagedThreadRunnable.run(ThreadFactoryImpl.java:56)
	at java.base/java.lang.Thread.run(Thread.java:834)
	Suppressed: by.hardziyevich.task.exeption.SomeException: It is impossible to build a tetrahedron from this number of points.
		at by.hardziyevich.task.validator.Validator.validate(Validator.java:34)
		at by.hardziyevich.task.validator.ValidatorTetrahedron.checkTetrahedron(ValidatorTetrahedron.java:25)
		... 108 more
[2021-11-23 21:59:08,258] WARN [by.hardziyevich.task.validator.Validator: 46] Something happened {1}
by.hardziyevich.task.exeption.SomeException
	at by.hardziyevich.task.validator.Validator.get(Validator.java:44)
	at by.hardziyevich.task.validator.ValidatorTxt.checkTxt(ValidatorTxt.java:24)
	at by.hardziyevich.task.validator.ValidatorTxtTest.lambda$testExceptionBuilder$0(ValidatorTxtTest.java:15)
	at org.junit.jupiter.api.AssertThrows.assertThrows(AssertThrows.java:55)
	at org.junit.jupiter.api.AssertThrows.assertThrows(AssertThrows.java:37)
	at org.junit.jupiter.api.Assertions.assertThrows(Assertions.java:3082)
	at by.hardziyevich.task.validator.ValidatorTxtTest.testExceptionBuilder(ValidatorTxtTest.java:15)
	at java.base/jdk.internal.reflect.NativeMethodAccessorImpl.invoke0(Native Method)
	at java.base/jdk.internal.reflect.NativeMethodAccessorImpl.invoke(NativeMethodAccessorImpl.java:62)
	at java.base/jdk.internal.reflect.DelegatingMethodAccessorImpl.invoke(DelegatingMethodAccessorImpl.java:43)
	at java.base/java.lang.reflect.Method.invoke(Method.java:566)
	at org.junit.platform.commons.util.ReflectionUtils.invokeMethod(ReflectionUtils.java:725)
	at org.junit.jupiter.engine.execution.MethodInvocation.proceed(MethodInvocation.java:60)
	at org.junit.jupiter.engine.execution.InvocationInterceptorChain$ValidatingInvocation.proceed(InvocationInterceptorChain.java:131)
	at org.junit.jupiter.engine.extension.TimeoutExtension.intercept(TimeoutExtension.java:149)
	at org.junit.jupiter.engine.extension.TimeoutExtension.interceptTestableMethod(TimeoutExtension.java:140)
	at org.junit.jupiter.engine.extension.TimeoutExtension.interceptTestMethod(TimeoutExtension.java:84)
	at org.junit.jupiter.engine.execution.ExecutableInvoker$ReflectiveInterceptorCall.lambda$ofVoidMethod$0(ExecutableInvoker.java:115)
	at org.junit.jupiter.engine.execution.ExecutableInvoker.lambda$invoke$0(ExecutableInvoker.java:105)
	at org.junit.jupiter.engine.execution.InvocationInterceptorChain$InterceptedInvocation.proceed(InvocationInterceptorChain.java:106)
	at org.junit.jupiter.engine.execution.InvocationInterceptorChain.proceed(InvocationInterceptorChain.java:64)
	at org.junit.jupiter.engine.execution.InvocationInterceptorChain.chainAndInvoke(InvocationInterceptorChain.java:45)
	at org.junit.jupiter.engine.execution.InvocationInterceptorChain.invoke(InvocationInterceptorChain.java:37)
	at org.junit.jupiter.engine.execution.ExecutableInvoker.invoke(ExecutableInvoker.java:104)
	at org.junit.jupiter.engine.execution.ExecutableInvoker.invoke(ExecutableInvoker.java:98)
	at org.junit.jupiter.engine.descriptor.TestMethodTestDescriptor.lambda$invokeTestMethod$7(TestMethodTestDescriptor.java:214)
	at org.junit.platform.engine.support.hierarchical.ThrowableCollector.execute(ThrowableCollector.java:73)
	at org.junit.jupiter.engine.descriptor.TestMethodTestDescriptor.invokeTestMethod(TestMethodTestDescriptor.java:210)
	at org.junit.jupiter.engine.descriptor.TestMethodTestDescriptor.execute(TestMethodTestDescriptor.java:135)
	at org.junit.jupiter.engine.descriptor.TestMethodTestDescriptor.execute(TestMethodTestDescriptor.java:66)
	at org.junit.platform.engine.support.hierarchical.NodeTestTask.lambda$executeRecursively$6(NodeTestTask.java:151)
	at org.junit.platform.engine.support.hierarchical.ThrowableCollector.execute(ThrowableCollector.java:73)
	at org.junit.platform.engine.support.hierarchical.NodeTestTask.lambda$executeRecursively$8(NodeTestTask.java:141)
	at org.junit.platform.engine.support.hierarchical.Node.around(Node.java:137)
	at org.junit.platform.engine.support.hierarchical.NodeTestTask.lambda$executeRecursively$9(NodeTestTask.java:139)
	at org.junit.platform.engine.support.hierarchical.ThrowableCollector.execute(ThrowableCollector.java:73)
	at org.junit.platform.engine.support.hierarchical.NodeTestTask.executeRecursively(NodeTestTask.java:138)
	at org.junit.platform.engine.support.hierarchical.NodeTestTask.execute(NodeTestTask.java:95)
	at java.base/java.util.ArrayList.forEach(ArrayList.java:1540)
	at org.junit.platform.engine.support.hierarchical.SameThreadHierarchicalTestExecutorService.invokeAll(SameThreadHierarchicalTestExecutorService.java:41)
	at org.junit.platform.engine.support.hierarchical.NodeTestTask.lambda$executeRecursively$6(NodeTestTask.java:155)
	at org.junit.platform.engine.support.hierarchical.ThrowableCollector.execute(ThrowableCollector.java:73)
	at org.junit.platform.engine.support.hierarchical.NodeTestTask.lambda$executeRecursively$8(NodeTestTask.java:141)
	at org.junit.platform.engine.support.hierarchical.Node.around(Node.java:137)
	at org.junit.platform.engine.support.hierarchical.NodeTestTask.lambda$executeRecursively$9(NodeTestTask.java:139)
	at org.junit.platform.engine.support.hierarchical.ThrowableCollector.execute(ThrowableCollector.java:73)
	at org.junit.platform.engine.support.hierarchical.NodeTestTask.executeRecursively(NodeTestTask.java:138)
	at org.junit.platform.engine.support.hierarchical.NodeTestTask.execute(NodeTestTask.java:95)
	at java.base/java.util.ArrayList.forEach(ArrayList.java:1540)
	at org.junit.platform.engine.support.hierarchical.SameThreadHierarchicalTestExecutorService.invokeAll(SameThreadHierarchicalTestExecutorService.java:41)
	at org.junit.platform.engine.support.hierarchical.NodeTestTask.lambda$executeRecursively$6(NodeTestTask.java:155)
	at org.junit.platform.engine.support.hierarchical.ThrowableCollector.execute(ThrowableCollector.java:73)
	at org.junit.platform.engine.support.hierarchical.NodeTestTask.lambda$executeRecursively$8(NodeTestTask.java:141)
	at org.junit.platform.engine.support.hierarchical.Node.around(Node.java:137)
	at org.junit.platform.engine.support.hierarchical.NodeTestTask.lambda$executeRecursively$9(NodeTestTask.java:139)
	at org.junit.platform.engine.support.hierarchical.ThrowableCollector.execute(ThrowableCollector.java:73)
	at org.junit.platform.engine.support.hierarchical.NodeTestTask.executeRecursively(NodeTestTask.java:138)
	at org.junit.platform.engine.support.hierarchical.NodeTestTask.execute(NodeTestTask.java:95)
	at org.junit.platform.engine.support.hierarchical.SameThreadHierarchicalTestExecutorService.submit(SameThreadHierarchicalTestExecutorService.java:35)
	at org.junit.platform.engine.support.hierarchical.HierarchicalTestExecutor.execute(HierarchicalTestExecutor.java:57)
	at org.junit.platform.engine.support.hierarchical.HierarchicalTestEngine.execute(HierarchicalTestEngine.java:54)
	at org.junit.platform.launcher.core.EngineExecutionOrchestrator.execute(EngineExecutionOrchestrator.java:108)
	at org.junit.platform.launcher.core.EngineExecutionOrchestrator.execute(EngineExecutionOrchestrator.java:88)
	at org.junit.platform.launcher.core.EngineExecutionOrchestrator.lambda$execute$0(EngineExecutionOrchestrator.java:54)
	at org.junit.platform.launcher.core.EngineExecutionOrchestrator.withInterceptedStreams(EngineExecutionOrchestrator.java:67)
	at org.junit.platform.launcher.core.EngineExecutionOrchestrator.execute(EngineExecutionOrchestrator.java:52)
	at org.junit.platform.launcher.core.DefaultLauncher.execute(DefaultLauncher.java:96)
	at org.junit.platform.launcher.core.DefaultLauncher.execute(DefaultLauncher.java:75)
	at org.gradle.api.internal.tasks.testing.junitplatform.JUnitPlatformTestClassProcessor$CollectAllTestClassesExecutor.processAllTestClasses(JUnitPlatformTestClassProcessor.java:99)
	at org.gradle.api.internal.tasks.testing.junitplatform.JUnitPlatformTestClassProcessor$CollectAllTestClassesExecutor.access$000(JUnitPlatformTestClassProcessor.java:79)
	at org.gradle.api.internal.tasks.testing.junitplatform.JUnitPlatformTestClassProcessor.stop(JUnitPlatformTestClassProcessor.java:75)
	at org.gradle.api.internal.tasks.testing.SuiteTestClassProcessor.stop(SuiteTestClassProcessor.java:61)
	at java.base/jdk.internal.reflect.NativeMethodAccessorImpl.invoke0(Native Method)
	at java.base/jdk.internal.reflect.NativeMethodAccessorImpl.invoke(NativeMethodAccessorImpl.java:62)
	at java.base/jdk.internal.reflect.DelegatingMethodAccessorImpl.invoke(DelegatingMethodAccessorImpl.java:43)
	at java.base/java.lang.reflect.Method.invoke(Method.java:566)
	at org.gradle.internal.dispatch.ReflectionDispatch.dispatch(ReflectionDispatch.java:36)
	at org.gradle.internal.dispatch.ReflectionDispatch.dispatch(ReflectionDispatch.java:24)
	at org.gradle.internal.dispatch.ContextClassLoaderDispatch.dispatch(ContextClassLoaderDispatch.java:33)
	at org.gradle.internal.dispatch.ProxyDispatchAdapter$DispatchingInvocationHandler.invoke(ProxyDispatchAdapter.java:94)
	at com.sun.proxy.$Proxy2.stop(Unknown Source)
	at org.gradle.api.internal.tasks.testing.worker.TestWorker.stop(TestWorker.java:135)
	at java.base/jdk.internal.reflect.NativeMethodAccessorImpl.invoke0(Native Method)
	at java.base/jdk.internal.reflect.NativeMethodAccessorImpl.invoke(NativeMethodAccessorImpl.java:62)
	at java.base/jdk.internal.reflect.DelegatingMethodAccessorImpl.invoke(DelegatingMethodAccessorImpl.java:43)
	at java.base/java.lang.reflect.Method.invoke(Method.java:566)
	at org.gradle.internal.dispatch.ReflectionDispatch.dispatch(ReflectionDispatch.java:36)
	at org.gradle.internal.dispatch.ReflectionDispatch.dispatch(ReflectionDispatch.java:24)
	at org.gradle.internal.remote.internal.hub.MessageHubBackedObjectConnection$DispatchWrapper.dispatch(MessageHubBackedObjectConnection.java:182)
	at org.gradle.internal.remote.internal.hub.MessageHubBackedObjectConnection$DispatchWrapper.dispatch(MessageHubBackedObjectConnection.java:164)
	at org.gradle.internal.remote.internal.hub.MessageHub$Handler.run(MessageHub.java:414)
	at org.gradle.internal.concurrent.ExecutorPolicy$CatchAndRecordFailures.onExecute(ExecutorPolicy.java:64)
	at org.gradle.internal.concurrent.ManagedExecutorImpl$1.run(ManagedExecutorImpl.java:48)
	at java.base/java.util.concurrent.ThreadPoolExecutor.runWorker(ThreadPoolExecutor.java:1128)
	at java.base/java.util.concurrent.ThreadPoolExecutor$Worker.run(ThreadPoolExecutor.java:628)
	at org.gradle.internal.concurrent.ThreadFactoryImpl$ManagedThreadRunnable.run(ThreadFactoryImpl.java:56)
	at java.base/java.lang.Thread.run(Thread.java:834)
	Suppressed: by.hardziyevich.task.exeption.SomeException: It`s not txt
		at by.hardziyevich.task.validator.Validator.validate(Validator.java:34)
		at by.hardziyevich.task.validator.ValidatorTxt.checkTxt(ValidatorTxt.java:22)
		... 95 more
	Suppressed: by.hardziyevich.task.exeption.SomeException: It doesn`t exist
		at by.hardziyevich.task.validator.Validator.validate(Validator.java:34)
		at by.hardziyevich.task.validator.ValidatorTxt.checkTxt(ValidatorTxt.java:23)
		... 95 more
[2021-11-23 21:59:08,283] INFO [by.hardziyevich.task.validator.Validator: 41] D:\TaskForEpam\task1\src\test\resources\1.txt is correct
[2021-11-24 08:19:40,556] INFO [by.hardziyevich.task.validator.Validator: 41] [Point{x=0.0, y=0.0, z=0.0}, Point{x=1.0, y=0.0, z=0.0}, Point{x=0.5, y=0.87, z=0.0}, Point{x=0.5, y=0.29, z=0.82}] is correct
[2021-11-24 08:19:40,578] INFO [by.hardziyevich.task.validator.Validator: 41] [Point{x=0.0, y=0.0, z=0.0}, Point{x=1.0, y=0.0, z=0.0}, Point{x=0.5, y=0.87, z=0.0}, Point{x=0.5, y=0.29, z=0.82}] is correct
[2021-11-24 08:19:40,590] INFO [by.hardziyevich.task.validator.Validator: 41] [Point{x=0.0, y=0.0, z=0.0}, Point{x=1.0, y=0.0, z=0.0}, Point{x=0.5, y=0.87, z=0.0}, Point{x=0.5, y=0.29, z=0.82}] is correct
[2021-11-24 08:19:40,593] INFO [by.hardziyevich.task.validator.Validator: 41] [Point{x=0.0, y=0.0, z=0.0}, Point{x=1.0, y=0.0, z=0.0}, Point{x=0.5, y=0.87, z=0.0}, Point{x=0.5, y=0.29, z=0.82}] is correct
[2021-11-24 08:19:49,365] INFO [by.hardziyevich.task.validator.Validator: 41] [Point{x=0.0, y=0.0, z=0.0}, Point{x=1.0, y=0.0, z=0.0}, Point{x=0.5, y=0.87, z=0.0}, Point{x=0.5, y=0.29, z=0.82}] is correct
[2021-11-24 08:19:49,386] INFO [by.hardziyevich.task.validator.Validator: 41] [Point{x=0.0, y=0.0, z=0.0}, Point{x=1.0, y=0.0, z=0.0}, Point{x=0.5, y=0.87, z=0.0}, Point{x=0.5, y=0.29, z=0.82}] is correct
[2021-11-24 08:19:49,399] INFO [by.hardziyevich.task.validator.Validator: 41] [Point{x=0.0, y=0.0, z=0.0}, Point{x=1.0, y=0.0, z=0.0}, Point{x=0.5, y=0.87, z=0.0}, Point{x=0.5, y=0.29, z=0.82}] is correct
[2021-11-24 08:19:49,401] INFO [by.hardziyevich.task.validator.Validator: 41] [Point{x=0.0, y=0.0, z=0.0}, Point{x=1.0, y=0.0, z=0.0}, Point{x=0.5, y=0.87, z=0.0}, Point{x=0.5, y=0.29, z=0.82}] is correct
[2021-11-24 08:20:27,011] INFO [by.hardziyevich.task.validator.Validator: 41] [Point{x=0.0, y=0.0, z=0.0}, Point{x=1.0, y=0.0, z=0.0}, Point{x=0.5, y=0.87, z=0.0}, Point{x=0.5, y=0.29, z=0.82}] is correct
[2021-11-24 08:20:27,039] INFO [by.hardziyevich.task.validator.Validator: 41] [Point{x=0.0, y=0.0, z=0.0}, Point{x=1.0, y=0.0, z=0.0}, Point{x=0.5, y=0.87, z=0.0}, Point{x=0.5, y=0.29, z=0.82}] is correct
[2021-11-24 08:20:27,043] INFO [by.hardziyevich.task.validator.Validator: 41] [Point{x=0.0, y=0.0, z=0.0}, Point{x=1.0, y=0.0, z=0.0}, Point{x=0.5, y=0.87, z=0.0}, Point{x=0.5, y=0.29, z=0.82}] is correct
[2021-11-24 08:20:47,499] INFO [by.hardziyevich.task.validator.Validator: 41] [Point{x=0.0, y=0.0, z=0.0}, Point{x=1.0, y=0.0, z=0.0}, Point{x=0.5, y=0.87, z=0.0}, Point{x=0.5, y=0.29, z=0.82}] is correct
[2021-11-24 08:20:47,528] INFO [by.hardziyevich.task.validator.Validator: 41] [Point{x=0.0, y=0.0, z=0.0}, Point{x=1.0, y=0.0, z=0.0}, Point{x=0.5, y=0.87, z=0.0}, Point{x=0.5, y=0.29, z=0.82}] is correct
[2021-11-24 08:20:47,533] INFO [by.hardziyevich.task.validator.Validator: 41] [Point{x=0.0, y=0.0, z=0.0}, Point{x=1.0, y=0.0, z=0.0}, Point{x=0.5, y=0.87, z=0.0}, Point{x=0.5, y=0.29, z=0.82}] is correct
[2021-11-24 08:21:07,788] INFO [by.hardziyevich.task.validator.Validator: 41] [Point{x=0.0, y=0.0, z=0.0}, Point{x=1.0, y=0.0, z=0.0}, Point{x=0.5, y=0.87, z=0.0}, Point{x=0.5, y=0.29, z=0.82}] is correct
[2021-11-24 08:21:07,818] INFO [by.hardziyevich.task.validator.Validator: 41] [Point{x=0.0, y=0.0, z=0.0}, Point{x=1.0, y=0.0, z=0.0}, Point{x=0.5, y=0.87, z=0.0}, Point{x=0.5, y=0.29, z=0.82}] is correct
[2021-11-24 08:21:07,822] INFO [by.hardziyevich.task.validator.Validator: 41] [Point{x=0.0, y=0.0, z=0.0}, Point{x=1.0, y=0.0, z=0.0}, Point{x=0.5, y=0.87, z=0.0}, Point{x=0.5, y=0.29, z=0.82}] is correct
[2021-11-24 08:21:38,448] INFO [by.hardziyevich.task.validator.Validator: 41] [Point{x=0.0, y=0.0, z=0.0}, Point{x=1.0, y=0.0, z=0.0}, Point{x=0.5, y=0.87, z=0.0}, Point{x=0.5, y=0.29, z=0.82}] is correct
[2021-11-24 08:21:38,468] INFO [by.hardziyevich.task.validator.Validator: 41] [Point{x=0.0, y=0.0, z=0.0}, Point{x=1.0, y=0.0, z=0.0}, Point{x=0.5, y=0.87, z=0.0}, Point{x=0.5, y=0.29, z=0.82}] is correct
[2021-11-24 08:21:38,480] INFO [by.hardziyevich.task.validator.Validator: 41] [Point{x=0.0, y=0.0, z=0.0}, Point{x=1.0, y=0.0, z=0.0}, Point{x=0.5, y=0.87, z=0.0}, Point{x=0.5, y=0.29, z=0.82}] is correct
[2021-11-24 08:21:38,482] INFO [by.hardziyevich.task.validator.Validator: 41] [Point{x=0.0, y=0.0, z=0.0}, Point{x=1.0, y=0.0, z=0.0}, Point{x=0.5, y=0.87, z=0.0}, Point{x=0.5, y=0.29, z=0.82}] is correct
[2021-11-24 08:21:45,320] INFO [by.hardziyevich.task.validator.Validator: 41] [Point{x=0.0, y=0.0, z=0.0}, Point{x=1.0, y=0.0, z=0.0}, Point{x=0.5, y=0.87, z=0.0}, Point{x=0.5, y=0.29, z=0.82}] is correct
[2021-11-24 08:21:45,339] INFO [by.hardziyevich.task.validator.Validator: 41] [Point{x=0.0, y=0.0, z=0.0}, Point{x=1.0, y=0.0, z=0.0}, Point{x=0.5, y=0.87, z=0.0}, Point{x=0.5, y=0.29, z=0.82}] is correct
[2021-11-24 08:21:45,352] INFO [by.hardziyevich.task.validator.Validator: 41] [Point{x=0.0, y=0.0, z=0.0}, Point{x=1.0, y=0.0, z=0.0}, Point{x=0.5, y=0.87, z=0.0}, Point{x=0.5, y=0.29, z=0.82}] is correct
[2021-11-24 08:21:45,354] INFO [by.hardziyevich.task.validator.Validator: 41] [Point{x=0.0, y=0.0, z=0.0}, Point{x=1.0, y=0.0, z=0.0}, Point{x=0.5, y=0.87, z=0.0}, Point{x=0.5, y=0.29, z=0.82}] is correct
[2021-11-24 08:21:52,505] INFO [by.hardziyevich.task.validator.Validator: 41] [Point{x=0.0, y=0.0, z=0.0}, Point{x=1.0, y=0.0, z=0.0}, Point{x=0.5, y=0.87, z=0.0}, Point{x=0.5, y=0.29, z=0.82}] is correct
[2021-11-24 08:21:52,525] INFO [by.hardziyevich.task.validator.Validator: 41] [Point{x=0.0, y=0.0, z=0.0}, Point{x=1.0, y=0.0, z=0.0}, Point{x=0.5, y=0.87, z=0.0}, Point{x=0.5, y=0.29, z=0.82}] is correct
[2021-11-24 08:21:52,538] INFO [by.hardziyevich.task.validator.Validator: 41] [Point{x=0.0, y=0.0, z=0.0}, Point{x=1.0, y=0.0, z=0.0}, Point{x=0.5, y=0.87, z=0.0}, Point{x=0.5, y=0.29, z=0.82}] is correct
[2021-11-24 08:21:52,541] INFO [by.hardziyevich.task.validator.Validator: 41] [Point{x=0.0, y=0.0, z=0.0}, Point{x=1.0, y=0.0, z=0.0}, Point{x=0.5, y=0.87, z=0.0}, Point{x=0.5, y=0.29, z=0.82}] is correct
[2021-11-24 08:22:17,915] WARN [by.hardziyevich.task.validator.Validator: 46] Something happened {1}
by.hardziyevich.task.exeption.SomeException
	at by.hardziyevich.task.validator.Validator.get(Validator.java:44)
	at by.hardziyevich.task.validator.ValidatorTxt.checkTxt(ValidatorTxt.java:24)
	at by.hardziyevich.task.parser.ParserTxt.<init>(ParserTxt.java:22)
	at by.hardziyevich.task.parser.ParserTxtTest.<init>(ParserTxtTest.java:14)
	at java.base/jdk.internal.reflect.NativeConstructorAccessorImpl.newInstance0(Native Method)
	at java.base/jdk.internal.reflect.NativeConstructorAccessorImpl.newInstance(NativeConstructorAccessorImpl.java:78)
	at java.base/jdk.internal.reflect.DelegatingConstructorAccessorImpl.newInstance(DelegatingConstructorAccessorImpl.java:45)
	at java.base/java.lang.reflect.Constructor.newInstanceWithCaller(Constructor.java:499)
	at java.base/java.lang.reflect.Constructor.newInstance(Constructor.java:480)
	at org.junit.platform.commons.util.ReflectionUtils.newInstance(ReflectionUtils.java:550)
	at org.junit.jupiter.engine.execution.ConstructorInvocation.proceed(ConstructorInvocation.java:56)
	at org.junit.jupiter.engine.execution.InvocationInterceptorChain$ValidatingInvocation.proceed(InvocationInterceptorChain.java:131)
	at org.junit.jupiter.api.extension.InvocationInterceptor.interceptTestClassConstructor(InvocationInterceptor.java:73)
	at org.junit.jupiter.engine.execution.ExecutableInvoker.lambda$invoke$0(ExecutableInvoker.java:105)
	at org.junit.jupiter.engine.execution.InvocationInterceptorChain$InterceptedInvocation.proceed(InvocationInterceptorChain.java:106)
	at org.junit.jupiter.engine.execution.InvocationInterceptorChain.proceed(InvocationInterceptorChain.java:64)
	at org.junit.jupiter.engine.execution.InvocationInterceptorChain.chainAndInvoke(InvocationInterceptorChain.java:45)
	at org.junit.jupiter.engine.execution.InvocationInterceptorChain.invoke(InvocationInterceptorChain.java:37)
	at org.junit.jupiter.engine.execution.ExecutableInvoker.invoke(ExecutableInvoker.java:104)
	at org.junit.jupiter.engine.execution.ExecutableInvoker.invoke(ExecutableInvoker.java:77)
	at org.junit.jupiter.engine.descriptor.ClassBasedTestDescriptor.invokeTestClassConstructor(ClassBasedTestDescriptor.java:355)
	at org.junit.jupiter.engine.descriptor.ClassBasedTestDescriptor.instantiateTestClass(ClassBasedTestDescriptor.java:302)
	at org.junit.jupiter.engine.descriptor.ClassTestDescriptor.instantiateTestClass(ClassTestDescriptor.java:79)
	at org.junit.jupiter.engine.descriptor.ClassBasedTestDescriptor.instantiateAndPostProcessTestInstance(ClassBasedTestDescriptor.java:280)
	at org.junit.jupiter.engine.descriptor.ClassBasedTestDescriptor.lambda$testInstancesProvider$4(ClassBasedTestDescriptor.java:272)
	at java.base/java.util.Optional.orElseGet(Optional.java:364)
	at org.junit.jupiter.engine.descriptor.ClassBasedTestDescriptor.lambda$testInstancesProvider$5(ClassBasedTestDescriptor.java:271)
	at org.junit.jupiter.engine.execution.TestInstancesProvider.getTestInstances(TestInstancesProvider.java:31)
	at org.junit.jupiter.engine.descriptor.TestMethodTestDescriptor.lambda$prepare$0(TestMethodTestDescriptor.java:102)
	at org.junit.platform.engine.support.hierarchical.ThrowableCollector.execute(ThrowableCollector.java:73)
	at org.junit.jupiter.engine.descriptor.TestMethodTestDescriptor.prepare(TestMethodTestDescriptor.java:101)
	at org.junit.jupiter.engine.descriptor.TestMethodTestDescriptor.prepare(TestMethodTestDescriptor.java:66)
	at org.junit.platform.engine.support.hierarchical.NodeTestTask.lambda$prepare$2(NodeTestTask.java:123)
	at org.junit.platform.engine.support.hierarchical.ThrowableCollector.execute(ThrowableCollector.java:73)
	at org.junit.platform.engine.support.hierarchical.NodeTestTask.prepare(NodeTestTask.java:123)
	at org.junit.platform.engine.support.hierarchical.NodeTestTask.execute(NodeTestTask.java:90)
	at java.base/java.util.ArrayList.forEach(ArrayList.java:1511)
	at org.junit.platform.engine.support.hierarchical.SameThreadHierarchicalTestExecutorService.invokeAll(SameThreadHierarchicalTestExecutorService.java:41)
	at org.junit.platform.engine.support.hierarchical.NodeTestTask.lambda$executeRecursively$6(NodeTestTask.java:155)
	at org.junit.platform.engine.support.hierarchical.ThrowableCollector.execute(ThrowableCollector.java:73)
	at org.junit.platform.engine.support.hierarchical.NodeTestTask.lambda$executeRecursively$8(NodeTestTask.java:141)
	at org.junit.platform.engine.support.hierarchical.Node.around(Node.java:137)
	at org.junit.platform.engine.support.hierarchical.NodeTestTask.lambda$executeRecursively$9(NodeTestTask.java:139)
	at org.junit.platform.engine.support.hierarchical.ThrowableCollector.execute(ThrowableCollector.java:73)
	at org.junit.platform.engine.support.hierarchical.NodeTestTask.executeRecursively(NodeTestTask.java:138)
	at org.junit.platform.engine.support.hierarchical.NodeTestTask.execute(NodeTestTask.java:95)
	at java.base/java.util.ArrayList.forEach(ArrayList.java:1511)
	at org.junit.platform.engine.support.hierarchical.SameThreadHierarchicalTestExecutorService.invokeAll(SameThreadHierarchicalTestExecutorService.java:41)
	at org.junit.platform.engine.support.hierarchical.NodeTestTask.lambda$executeRecursively$6(NodeTestTask.java:155)
	at org.junit.platform.engine.support.hierarchical.ThrowableCollector.execute(ThrowableCollector.java:73)
	at org.junit.platform.engine.support.hierarchical.NodeTestTask.lambda$executeRecursively$8(NodeTestTask.java:141)
	at org.junit.platform.engine.support.hierarchical.Node.around(Node.java:137)
	at org.junit.platform.engine.support.hierarchical.NodeTestTask.lambda$executeRecursively$9(NodeTestTask.java:139)
	at org.junit.platform.engine.support.hierarchical.ThrowableCollector.execute(ThrowableCollector.java:73)
	at org.junit.platform.engine.support.hierarchical.NodeTestTask.executeRecursively(NodeTestTask.java:138)
	at org.junit.platform.engine.support.hierarchical.NodeTestTask.execute(NodeTestTask.java:95)
	at org.junit.platform.engine.support.hierarchical.SameThreadHierarchicalTestExecutorService.submit(SameThreadHierarchicalTestExecutorService.java:35)
	at org.junit.platform.engine.support.hierarchical.HierarchicalTestExecutor.execute(HierarchicalTestExecutor.java:57)
	at org.junit.platform.engine.support.hierarchical.HierarchicalTestEngine.execute(HierarchicalTestEngine.java:54)
	at org.junit.platform.launcher.core.EngineExecutionOrchestrator.execute(EngineExecutionOrchestrator.java:108)
	at org.junit.platform.launcher.core.EngineExecutionOrchestrator.execute(EngineExecutionOrchestrator.java:88)
	at org.junit.platform.launcher.core.EngineExecutionOrchestrator.lambda$execute$0(EngineExecutionOrchestrator.java:54)
	at org.junit.platform.launcher.core.EngineExecutionOrchestrator.withInterceptedStreams(EngineExecutionOrchestrator.java:67)
	at org.junit.platform.launcher.core.EngineExecutionOrchestrator.execute(EngineExecutionOrchestrator.java:52)
	at org.junit.platform.launcher.core.DefaultLauncher.execute(DefaultLauncher.java:96)
	at org.junit.platform.launcher.core.DefaultLauncher.execute(DefaultLauncher.java:75)
	at org.gradle.api.internal.tasks.testing.junitplatform.JUnitPlatformTestClassProcessor$CollectAllTestClassesExecutor.processAllTestClasses(JUnitPlatformTestClassProcessor.java:99)
	at org.gradle.api.internal.tasks.testing.junitplatform.JUnitPlatformTestClassProcessor$CollectAllTestClassesExecutor.access$000(JUnitPlatformTestClassProcessor.java:79)
	at org.gradle.api.internal.tasks.testing.junitplatform.JUnitPlatformTestClassProcessor.stop(JUnitPlatformTestClassProcessor.java:75)
	at org.gradle.api.internal.tasks.testing.SuiteTestClassProcessor.stop(SuiteTestClassProcessor.java:61)
	at java.base/jdk.internal.reflect.NativeMethodAccessorImpl.invoke0(Native Method)
	at java.base/jdk.internal.reflect.NativeMethodAccessorImpl.invoke(NativeMethodAccessorImpl.java:78)
	at java.base/jdk.internal.reflect.DelegatingMethodAccessorImpl.invoke(DelegatingMethodAccessorImpl.java:43)
	at java.base/java.lang.reflect.Method.invoke(Method.java:567)
	at org.gradle.internal.dispatch.ReflectionDispatch.dispatch(ReflectionDispatch.java:36)
	at org.gradle.internal.dispatch.ReflectionDispatch.dispatch(ReflectionDispatch.java:24)
	at org.gradle.internal.dispatch.ContextClassLoaderDispatch.dispatch(ContextClassLoaderDispatch.java:33)
	at org.gradle.internal.dispatch.ProxyDispatchAdapter$DispatchingInvocationHandler.invoke(ProxyDispatchAdapter.java:94)
	at jdk.proxy1/jdk.proxy1.$Proxy2.stop(Unknown Source)
	at org.gradle.api.internal.tasks.testing.worker.TestWorker.stop(TestWorker.java:135)
	at java.base/jdk.internal.reflect.NativeMethodAccessorImpl.invoke0(Native Method)
	at java.base/jdk.internal.reflect.NativeMethodAccessorImpl.invoke(NativeMethodAccessorImpl.java:78)
	at java.base/jdk.internal.reflect.DelegatingMethodAccessorImpl.invoke(DelegatingMethodAccessorImpl.java:43)
	at java.base/java.lang.reflect.Method.invoke(Method.java:567)
	at org.gradle.internal.dispatch.ReflectionDispatch.dispatch(ReflectionDispatch.java:36)
	at org.gradle.internal.dispatch.ReflectionDispatch.dispatch(ReflectionDispatch.java:24)
	at org.gradle.internal.remote.internal.hub.MessageHubBackedObjectConnection$DispatchWrapper.dispatch(MessageHubBackedObjectConnection.java:182)
	at org.gradle.internal.remote.internal.hub.MessageHubBackedObjectConnection$DispatchWrapper.dispatch(MessageHubBackedObjectConnection.java:164)
	at org.gradle.internal.remote.internal.hub.MessageHub$Handler.run(MessageHub.java:414)
	at org.gradle.internal.concurrent.ExecutorPolicy$CatchAndRecordFailures.onExecute(ExecutorPolicy.java:64)
	at org.gradle.internal.concurrent.ManagedExecutorImpl$1.run(ManagedExecutorImpl.java:48)
	at java.base/java.util.concurrent.ThreadPoolExecutor.runWorker(ThreadPoolExecutor.java:1130)
	at java.base/java.util.concurrent.ThreadPoolExecutor$Worker.run(ThreadPoolExecutor.java:630)
	at org.gradle.internal.concurrent.ThreadFactoryImpl$ManagedThreadRunnable.run(ThreadFactoryImpl.java:56)
	at java.base/java.lang.Thread.run(Thread.java:831)
	Suppressed: by.hardziyevich.task.exeption.SomeException: It doesn`t exist
		at by.hardziyevich.task.validator.Validator.validate(Validator.java:34)
		at by.hardziyevich.task.validator.ValidatorTxt.checkTxt(ValidatorTxt.java:23)
		... 93 more
[2021-11-24 08:23:17,278] INFO [by.hardziyevich.task.validator.Validator: 41] [Point{x=0.5, y=0.29, z=0.82}, Point{x=1.0, y=0.0, z=0.0}, Point{x=0.5, y=0.87, z=0.0}, Point{x=0.0, y=0.0, z=0.0}] is correct
[2021-11-24 08:23:17,282] INFO [by.hardziyevich.task.validator.Validator: 41] [Point{x=1.5, y=3.29, z=0.82}, Point{x=1.0, y=0.0, z=1.0}, Point{x=0.5, y=2.87, z=0.0}, Point{x=0.0, y=0.0, z=0.0}] is correct
[2021-11-24 08:23:17,283] INFO [by.hardziyevich.task.validator.Validator: 41] [Point{x=0.5, y=0.58, z=0.4}, Point{x=0.77, y=0.13, z=0.37}, Point{x=0.23, y=0.13, z=0.37}, Point{x=0.5, y=0.29, z=0.82}] is correct
[2021-11-24 08:23:17,308] INFO [by.hardziyevich.task.validator.Validator: 41] [Point{x=0.5, y=0.29, z=0.82}, Point{x=1.0, y=0.0, z=0.0}, Point{x=0.5, y=0.87, z=0.0}, Point{x=0.0, y=0.0, z=0.0}] is correct
[2021-11-24 08:23:17,308] INFO [by.hardziyevich.task.validator.Validator: 41] [Point{x=1.5, y=3.29, z=0.82}, Point{x=1.0, y=0.0, z=1.0}, Point{x=0.5, y=2.87, z=0.0}, Point{x=0.0, y=0.0, z=0.0}] is correct
[2021-11-24 08:23:17,309] INFO [by.hardziyevich.task.validator.Validator: 41] [Point{x=0.5, y=0.58, z=0.4}, Point{x=0.77, y=0.13, z=0.37}, Point{x=0.23, y=0.13, z=0.37}, Point{x=0.5, y=0.29, z=0.82}] is correct
[2021-11-24 08:23:17,311] INFO [by.hardziyevich.task.validator.Validator: 41] [Point{x=0.5, y=0.29, z=0.82}, Point{x=1.0, y=0.0, z=0.0}, Point{x=0.5, y=0.87, z=0.0}, Point{x=0.0, y=0.0, z=0.0}] is correct
[2021-11-24 08:23:17,311] INFO [by.hardziyevich.task.validator.Validator: 41] [Point{x=1.5, y=3.29, z=0.82}, Point{x=1.0, y=0.0, z=1.0}, Point{x=0.5, y=2.87, z=0.0}, Point{x=0.0, y=0.0, z=0.0}] is correct
[2021-11-24 08:23:17,312] INFO [by.hardziyevich.task.validator.Validator: 41] [Point{x=0.5, y=0.58, z=0.4}, Point{x=0.77, y=0.13, z=0.37}, Point{x=0.23, y=0.13, z=0.37}, Point{x=0.5, y=0.29, z=0.82}] is correct
[2021-11-24 08:23:17,324] INFO [by.hardziyevich.task.validator.Validator: 41] [Point{x=0.5, y=0.29, z=0.82}, Point{x=1.0, y=0.0, z=0.0}, Point{x=0.5, y=0.87, z=0.0}, Point{x=0.0, y=0.0, z=0.0}] is correct
[2021-11-24 08:23:17,324] INFO [by.hardziyevich.task.validator.Validator: 41] [Point{x=1.5, y=3.29, z=0.82}, Point{x=1.0, y=0.0, z=1.0}, Point{x=0.5, y=2.87, z=0.0}, Point{x=0.0, y=0.0, z=0.0}] is correct
[2021-11-24 08:23:17,325] INFO [by.hardziyevich.task.validator.Validator: 41] [Point{x=0.5, y=0.58, z=0.4}, Point{x=0.77, y=0.13, z=0.37}, Point{x=0.23, y=0.13, z=0.37}, Point{x=0.5, y=0.29, z=0.82}] is correct
[2021-11-24 08:23:17,338] INFO [by.hardziyevich.task.validator.Validator: 41] [Point{x=0.5, y=0.29, z=0.82}, Point{x=1.0, y=0.0, z=0.0}, Point{x=0.5, y=0.87, z=0.0}, Point{x=0.0, y=0.0, z=0.0}] is correct
[2021-11-24 08:23:17,338] INFO [by.hardziyevich.task.validator.Validator: 41] [Point{x=1.5, y=3.29, z=0.82}, Point{x=1.0, y=0.0, z=1.0}, Point{x=0.5, y=2.87, z=0.0}, Point{x=0.0, y=0.0, z=0.0}] is correct
[2021-11-24 08:23:17,338] INFO [by.hardziyevich.task.validator.Validator: 41] [Point{x=0.5, y=0.58, z=0.4}, Point{x=0.77, y=0.13, z=0.37}, Point{x=0.23, y=0.13, z=0.37}, Point{x=0.5, y=0.29, z=0.82}] is correct
[2021-11-24 08:23:17,357] INFO [by.hardziyevich.task.validator.Validator: 41] [Point{x=0.5, y=0.58, z=0.4}, Point{x=0.77, y=0.13, z=0.37}, Point{x=0.23, y=0.13, z=0.37}, Point{x=0.5, y=0.29, z=0.82}] is correct
[2021-11-24 08:23:17,369] INFO [by.hardziyevich.task.validator.Validator: 41] [Point{x=0.5, y=0.58, z=0.4}, Point{x=0.77, y=0.13, z=0.37}, Point{x=0.23, y=0.13, z=0.37}, Point{x=0.5, y=0.29, z=0.82}] is correct
[2021-11-24 08:23:17,371] INFO [by.hardziyevich.task.validator.Validator: 41] [Point{x=0.5, y=0.29, z=0.82}, Point{x=1.0, y=0.0, z=0.0}, Point{x=0.5, y=0.87, z=0.0}, Point{x=0.0, y=0.0, z=0.0}] is correct
[2021-11-24 08:23:17,371] INFO [by.hardziyevich.task.validator.Validator: 41] [Point{x=1.5, y=3.29, z=0.82}, Point{x=1.0, y=0.0, z=1.0}, Point{x=0.5, y=2.87, z=0.0}, Point{x=0.0, y=0.0, z=0.0}] is correct
[2021-11-24 08:23:17,372] INFO [by.hardziyevich.task.validator.Validator: 41] [Point{x=0.5, y=0.58, z=0.4}, Point{x=0.77, y=0.13, z=0.37}, Point{x=0.23, y=0.13, z=0.37}, Point{x=0.5, y=0.29, z=0.82}] is correct
[2021-11-24 08:23:17,378] INFO [by.hardziyevich.task.validator.Validator: 41] [Point{x=0.5, y=0.58, z=0.4}, Point{x=0.77, y=0.13, z=0.37}, Point{x=0.23, y=0.13, z=0.37}, Point{x=0.5, y=0.29, z=0.82}] is correct
[2021-11-24 08:30:39,591] INFO [by.hardziyevich.task.validator.Validator: 41] [Point{x=0.0, y=0.0, z=0.0}, Point{x=1.0, y=0.0, z=0.0}, Point{x=0.5, y=0.87, z=0.0}, Point{x=0.5, y=0.29, z=0.82}] is correct
[2021-11-24 08:30:39,609] INFO [by.hardziyevich.task.validator.Validator: 41] [Point{x=0.0, y=0.0, z=0.0}, Point{x=1.0, y=0.0, z=0.0}, Point{x=0.5, y=0.87, z=0.0}, Point{x=0.5, y=0.29, z=0.82}] is correct
